#
# There is insufficient memory for the Java Runtime Environment to continue.
# Native memory allocation (malloc) failed to allocate 32744 bytes for ChunkPool::allocate
# Possible reasons:
#   The system is out of physical RAM or swap space
#   In 32 bit mode, the process size limit was hit
# Possible solutions:
#   Reduce memory load on the system
#   Increase physical memory or swap space
#   Check if swap backing store is full
#   Use 64 bit Java on a 64 bit OS
#   Decrease Java heap size (-Xmx/-Xms)
#   Decrease number of Java threads
#   Decrease Java thread stack sizes (-Xss)
#   Set larger code cache with -XX:ReservedCodeCacheSize=
# This output file may be truncated or incomplete.
#
#  Out of Memory Error (allocation.cpp:273), pid=2128, tid=0x00000000000029ac
#
# JRE version: OpenJDK Runtime Environment (8.0_152-b01) (build 1.8.0_152-release-915-b01)
# Java VM: OpenJDK 64-Bit Server VM (25.152-b01 mixed mode windows-amd64 compressed oops)
# Failed to write core dump. Minidumps are not enabled by default on client versions of Windows
#

---------------  T H R E A D  ---------------

Current thread (0x0000000052fc6000):  JavaThread "C2 CompilerThread1" daemon [_thread_in_native, id=10668, stack(0x0000000054b40000,0x0000000054c40000)]

Stack: [0x0000000054b40000,0x0000000054c40000]
[error occurred during error reporting (printing stack bounds), id 0xc0000005]

Native frames: (J=compiled Java code, j=interpreted, Vv=VM code, C=native code)


Current CompileTask:
C2:  48537  865       4       org.objectweb.asm.ClassReader::a (3587 bytes)


---------------  P R O C E S S  ---------------

Java Threads: ( => current thread )
  0x0000000054cba000 JavaThread "Service Thread" daemon [_thread_blocked, id=9848, stack(0x00000000552a0000,0x00000000553a0000)]
  0x0000000054c40800 JavaThread "C1 CompilerThread2" daemon [_thread_in_native, id=9260, stack(0x0000000055130000,0x0000000055230000)]
=>0x0000000052fc6000 JavaThread "C2 CompilerThread1" daemon [_thread_in_native, id=10668, stack(0x0000000054b40000,0x0000000054c40000)]
  0x0000000052fc4000 JavaThread "C2 CompilerThread0" daemon [_thread_in_native, id=6892, stack(0x00000000549d0000,0x0000000054ad0000)]
  0x0000000052fcf000 JavaThread "Attach Listener" daemon [_thread_blocked, id=4688, stack(0x00000000547c0000,0x00000000548c0000)]
  0x0000000052fcd800 JavaThread "Signal Dispatcher" daemon [_thread_blocked, id=8644, stack(0x00000000545e0000,0x00000000546e0000)]
  0x0000000052fa8000 JavaThread "Finalizer" daemon [_thread_blocked, id=9424, stack(0x0000000054410000,0x0000000054510000)]
  0x0000000052f61000 JavaThread "Reference Handler" daemon [_thread_blocked, id=9772, stack(0x0000000054270000,0x0000000054370000)]
  0x00000000022ef000 JavaThread "main" [_thread_in_native, id=6520, stack(0x00000000023d0000,0x00000000024d0000)]

Other Threads:
  0x0000000052f59000 VMThread [stack: 0x0000000053fb0000,0x00000000540b0000] [id=12180]
  0x0000000054c43800 WatcherThread [stack: 0x0000000055470000,0x0000000055570000] [id=7524]

VM state:not at safepoint (normal execution)

VM Mutex/Monitor currently owned by a thread: None

Heap:
 PSYoungGen      total 18944K, used 10713K [0x00000000feb00000, 0x0000000100000000, 0x0000000100000000)
  eden space 16384K, 49% used [0x00000000feb00000,0x00000000ff2f7cc8,0x00000000ffb00000)
  from space 2560K, 99% used [0x00000000ffd80000,0x00000000ffffe870,0x0000000100000000)
  to   space 2560K, 0% used [0x00000000ffb00000,0x00000000ffb00000,0x00000000ffd80000)
 ParOldGen       total 44032K, used 5727K [0x00000000fc000000, 0x00000000feb00000, 0x00000000feb00000)
  object space 44032K, 13% used [0x00000000fc000000,0x00000000fc597eb8,0x00000000feb00000)
 Metaspace       used 7576K, capacity 7730K, committed 7936K, reserved 1056768K
  class space    used 872K, capacity 957K, committed 1024K, reserved 1048576K

Card table byte_map: [0x0000000000170000,0x00000000001a0000] byte_map_base: 0xffffffffff990000

Marking Bits: (ParMarkBitMap*) 0x0000000064083950
 Begin Bits: [0x00000000123d0000, 0x00000000124d0000)
 End Bits:   [0x00000000124d0000, 0x00000000125d0000)

Polling page: 0x0000000000140000

CodeCache: size=245760Kb used=3470Kb max_used=3470Kb free=242289Kb
 bounds [0x0000000002830000, 0x0000000002ba0000, 0x0000000011830000]
 total_blobs=1260 nmethods=930 adapters=245
 compilation: enabled

Compilation events (10 events):
Event: 47.485 Thread 0x0000000054c40800 nmethod 901 0x0000000002b6fb10 code [0x0000000002b6fca0, 0x0000000002b70178]
Event: 47.485 Thread 0x0000000054c40800  903       3       java.util.zip.ZipFile$ZipFileInputStream::<init> (41 bytes)
Event: 47.486 Thread 0x0000000054c40800 nmethod 903 0x0000000002b6f350 code [0x0000000002b6f4e0, 0x0000000002b6f878]
Event: 47.486 Thread 0x0000000054c40800  900       1       sun.util.calendar.CalendarDate::getYear (5 bytes)
Event: 47.486 Thread 0x0000000054c40800 nmethod 900 0x0000000002b82510 code [0x0000000002b82660, 0x0000000002b82770]
Event: 47.491 Thread 0x0000000052fc4000 nmethod 909 0x0000000002b85890 code [0x0000000002b85a00, 0x0000000002b85e78]
Event: 47.491 Thread 0x0000000054c40800  910       3       org.objectweb.asm.MethodVisitor::visitVarInsn (17 bytes)
Event: 47.491 Thread 0x0000000054c40800 nmethod 910 0x0000000002b85410 code [0x0000000002b85580, 0x0000000002b857c8]
Event: 47.537 Thread 0x0000000054c40800  911       3       org.objectweb.asm.Item::a (354 bytes)
Event: 47.539 Thread 0x0000000054c40800 nmethod 911 0x0000000002b84150 code [0x0000000002b84380, 0x0000000002b85028]

GC Heap History (4 events):
Event: 11.750 GC heap before
{Heap before GC invocations=1 (full 0):
 PSYoungGen      total 18944K, used 16384K [0x00000000feb00000, 0x0000000100000000, 0x0000000100000000)
  eden space 16384K, 100% used [0x00000000feb00000,0x00000000ffb00000,0x00000000ffb00000)
  from space 2560K, 0% used [0x00000000ffd80000,0x00000000ffd80000,0x0000000100000000)
  to   space 2560K, 0% used [0x00000000ffb00000,0x00000000ffb00000,0x00000000ffd80000)
 ParOldGen       total 44032K, used 0K [0x00000000fc000000, 0x00000000feb00000, 0x00000000feb00000)
  object space 44032K, 0% used [0x00000000fc000000,0x00000000fc000000,0x00000000feb00000)
 Metaspace       used 6553K, capacity 6752K, committed 7040K, reserved 1056768K
  class space    used 772K, capacity 824K, committed 896K, reserved 1048576K
Event: 11.918 GC heap after
Heap after GC invocations=1 (full 0):
 PSYoungGen      total 18944K, used 2544K [0x00000000feb00000, 0x0000000100000000, 0x0000000100000000)
  eden space 16384K, 0% used [0x00000000feb00000,0x00000000feb00000,0x00000000ffb00000)
  from space 2560K, 99% used [0x00000000ffb00000,0x00000000ffd7c020,0x00000000ffd80000)
  to   space 2560K, 0% used [0x00000000ffd80000,0x00000000ffd80000,0x0000000100000000)
 ParOldGen       total 44032K, used 1287K [0x00000000fc000000, 0x00000000feb00000, 0x00000000feb00000)
  object space 44032K, 2% used [0x00000000fc000000,0x00000000fc141d80,0x00000000feb00000)
 Metaspace       used 6553K, capacity 6752K, committed 7040K, reserved 1056768K
  class space    used 772K, capacity 824K, committed 896K, reserved 1048576K
}
Event: 42.123 GC heap before
{Heap before GC invocations=2 (full 0):
 PSYoungGen      total 18944K, used 18928K [0x00000000feb00000, 0x0000000100000000, 0x0000000100000000)
  eden space 16384K, 100% used [0x00000000feb00000,0x00000000ffb00000,0x00000000ffb00000)
  from space 2560K, 99% used [0x00000000ffb00000,0x00000000ffd7c020,0x00000000ffd80000)
  to   space 2560K, 0% used [0x00000000ffd80000,0x00000000ffd80000,0x0000000100000000)
 ParOldGen       total 44032K, used 1287K [0x00000000fc000000, 0x00000000feb00000, 0x00000000feb00000)
  object space 44032K, 2% used [0x00000000fc000000,0x00000000fc141d80,0x00000000feb00000)
 Metaspace       used 6873K, capacity 6994K, committed 7040K, reserved 1056768K
  class space    used 813K, capacity 861K, committed 896K, reserved 1048576K
Event: 42.140 GC heap after
Heap after GC invocations=2 (full 0):
 PSYoungGen      total 18944K, used 2554K [0x00000000feb00000, 0x0000000100000000, 0x0000000100000000)
  eden space 16384K, 0% used [0x00000000feb00000,0x00000000feb00000,0x00000000ffb00000)
  from space 2560K, 99% used [0x00000000ffd80000,0x00000000ffffe870,0x0000000100000000)
  to   space 2560K, 0% used [0x00000000ffb00000,0x00000000ffb00000,0x00000000ffd80000)
 ParOldGen       total 44032K, used 5727K [0x00000000fc000000, 0x00000000feb00000, 0x00000000feb00000)
  object space 44032K, 13% used [0x00000000fc000000,0x00000000fc597eb8,0x00000000feb00000)
 Metaspace       used 6873K, capacity 6994K, committed 7040K, reserved 1056768K
  class space    used 813K, capacity 861K, committed 896K, reserved 1048576K
}

Deoptimization events (10 events):
Event: 11.723 Thread 0x00000000022ef000 Uncommon trap: reason=unstable_if action=reinterpret pc=0x0000000002a4cebc method=java.util.zip.ZipCoder.decoder()Ljava/nio/charset/CharsetDecoder; @ 4
Event: 11.734 Thread 0x00000000022ef000 Uncommon trap: reason=unstable_if action=reinterpret pc=0x0000000002a4d738 method=java.util.zip.ZipFile$ZipEntryIterator.hasNext()Z @ 25
Event: 12.005 Thread 0x00000000022ef000 Uncommon trap: reason=unstable_if action=reinterpret pc=0x0000000002a610bc method=java.util.HashMap$HashIterator.nextNode()Ljava/util/HashMap$Node; @ 74
Event: 12.037 Thread 0x00000000022ef000 Uncommon trap: reason=unstable_if action=reinterpret pc=0x0000000002a574a0 method=java.util.zip.ZipFile.getZipEntry(Ljava/lang/String;J)Ljava/util/zip/ZipEntry; @ 19
Event: 41.504 Thread 0x00000000022ef000 Uncommon trap: reason=unstable_if action=reinterpret pc=0x0000000002a6157c method=java.util.HashMap$HashIterator.nextNode()Ljava/util/HashMap$Node; @ 74
Event: 41.894 Thread 0x00000000022ef000 Uncommon trap: reason=unloaded action=reinterpret pc=0x0000000002a52274 method=java.util.zip.ZipEntry.setExtra0([BZ)V @ 37
Event: 46.840 Thread 0x00000000022ef000 Uncommon trap: reason=unstable_if action=reinterpret pc=0x0000000002b0dea4 method=java.lang.String.<init>([CII)V @ 18
Event: 46.958 Thread 0x00000000022ef000 Uncommon trap: reason=unstable_if action=reinterpret pc=0x0000000002adf7c8 method=java.lang.String.<init>([CII)V @ 18
Event: 47.478 Thread 0x00000000022ef000 Uncommon trap: reason=unstable_if action=reinterpret pc=0x0000000002b66174 method=org.objectweb.asm.MethodWriter.visitVarInsn(II)V @ 136
Event: 47.479 Thread 0x00000000022ef000 Uncommon trap: reason=unstable_if action=reinterpret pc=0x0000000002b52170 method=org.objectweb.asm.Item.a(Lorg/objectweb/asm/Item;)Z @ 186

Classes redefined (0 events):
No events

Internal exceptions (10 events):
Event: 11.723 Thread 0x00000000022ef000 Implicit null exception at 0x0000000002a4ca28 to 0x0000000002a4cea1
Event: 41.467 Thread 0x00000000022ef000 Exception <a 'sun/nio/fs/WindowsException'> (0x00000000ff2400f0) thrown at [D:\src\AOSP-openjdk-cygwin\jdk8u\hotspot\src\share\vm\prims\jni.cpp, line 709]
Event: 41.467 Thread 0x00000000022ef000 Exception <a 'sun/nio/fs/WindowsException'> (0x00000000ff2406c0) thrown at [D:\src\AOSP-openjdk-cygwin\jdk8u\hotspot\src\share\vm\prims\jni.cpp, line 709]
Event: 41.468 Thread 0x00000000022ef000 Exception <a 'sun/nio/fs/WindowsException'> (0x00000000ff240ca0) thrown at [D:\src\AOSP-openjdk-cygwin\jdk8u\hotspot\src\share\vm\prims\jni.cpp, line 709]
Event: 41.468 Thread 0x00000000022ef000 Exception <a 'sun/nio/fs/WindowsException'> (0x00000000ff241470) thrown at [D:\src\AOSP-openjdk-cygwin\jdk8u\hotspot\src\share\vm\prims\jni.cpp, line 709]
Event: 41.468 Thread 0x00000000022ef000 Exception <a 'sun/nio/fs/WindowsException'> (0x00000000ff241a28) thrown at [D:\src\AOSP-openjdk-cygwin\jdk8u\hotspot\src\share\vm\prims\jni.cpp, line 709]
Event: 41.468 Thread 0x00000000022ef000 Exception <a 'sun/nio/fs/WindowsException'> (0x00000000ff2421e8) thrown at [D:\src\AOSP-openjdk-cygwin\jdk8u\hotspot\src\share\vm\prims\jni.cpp, line 709]
Event: 41.511 Thread 0x00000000022ef000 Exception <a 'sun/nio/fs/WindowsException'> (0x00000000ff2475f8) thrown at [D:\src\AOSP-openjdk-cygwin\jdk8u\hotspot\src\share\vm\prims\jni.cpp, line 709]
Event: 42.152 Thread 0x00000000022ef000 Exception <a 'sun/nio/fs/WindowsException'> (0x00000000fec32338) thrown at [D:\src\AOSP-openjdk-cygwin\jdk8u\hotspot\src\share\vm\prims\jni.cpp, line 709]
Event: 42.153 Thread 0x00000000022ef000 Exception <a 'sun/nio/fs/WindowsException'> (0x00000000fec328c0) thrown at [D:\src\AOSP-openjdk-cygwin\jdk8u\hotspot\src\share\vm\prims\jni.cpp, line 709]

Events (10 events):
Event: 46.840 Thread 0x00000000022ef000 DEOPT UNPACKING pc=0x000000000287556a sp=0x00000000024ce6e0 mode 2
Event: 46.958 Thread 0x00000000022ef000 Uncommon trap: trap_request=0xffffff65 fr.pc=0x0000000002adf7c8
Event: 46.958 Thread 0x00000000022ef000 DEOPT PACKING pc=0x0000000002adf7c8 sp=0x00000000024ce7a0
Event: 46.958 Thread 0x00000000022ef000 DEOPT UNPACKING pc=0x000000000287556a sp=0x00000000024ce6c0 mode 2
Event: 47.478 Thread 0x00000000022ef000 Uncommon trap: trap_request=0xffffff65 fr.pc=0x0000000002b66174
Event: 47.478 Thread 0x00000000022ef000 DEOPT PACKING pc=0x0000000002b66174 sp=0x00000000024ceb00
Event: 47.478 Thread 0x00000000022ef000 DEOPT UNPACKING pc=0x000000000287556a sp=0x00000000024cea48 mode 2
Event: 47.479 Thread 0x00000000022ef000 Uncommon trap: trap_request=0xffffff65 fr.pc=0x0000000002b52170
Event: 47.479 Thread 0x00000000022ef000 DEOPT PACKING pc=0x0000000002b52170 sp=0x00000000024ce920
Event: 47.479 Thread 0x00000000022ef000 DEOPT UNPACKING pc=0x000000000287556a sp=0x00000000024ce8b0 mode 2


Dynamic libraries:
0x000000013f660000 - 0x000000013f691000 	D:\Android Studio\jre\bin\java.exe
0x0000000077080000 - 0x000000007721f000 	C:\Windows\SYSTEM32\ntdll.dll
0x0000000076e60000 - 0x0000000076f7f000 	C:\Windows\system32\kernel32.dll
0x000007fefcfb0000 - 0x000007fefd01a000 	C:\Windows\system32\KERNELBASE.dll
0x000007fefe0e0000 - 0x000007fefe1bb000 	C:\Windows\system32\ADVAPI32.dll
0x000007fefdb60000 - 0x000007fefdbff000 	C:\Windows\system32\msvcrt.dll
0x000007fefd710000 - 0x000007fefd72f000 	C:\Windows\SYSTEM32\sechost.dll
0x000007fefd840000 - 0x000007fefd96d000 	C:\Windows\system32\RPCRT4.dll
0x0000000076f80000 - 0x000000007707a000 	C:\Windows\system32\USER32.dll
0x000007feff2b0000 - 0x000007feff317000 	C:\Windows\system32\GDI32.dll
0x000007fefd110000 - 0x000007fefd11e000 	C:\Windows\system32\LPK.dll
0x000007fefd640000 - 0x000007fefd70b000 	C:\Windows\system32\USP10.dll
0x000007fefb240000 - 0x000007fefb434000 	C:\Windows\WinSxS\amd64_microsoft.windows.common-controls_6595b64144ccf1df_6.0.7601.18837_none_fa3b1e3d17594757\COMCTL32.dll
0x000007fefdd90000 - 0x000007fefde01000 	C:\Windows\system32\SHLWAPI.dll
0x000007feff280000 - 0x000007feff2ae000 	C:\Windows\system32\IMM32.DLL
0x000007fefd730000 - 0x000007fefd839000 	C:\Windows\system32\MSCTF.dll
0x000007fefc9e0000 - 0x000007fefca11000 	C:\Windows\system32\nvinitx.dll
0x000007fefc9d0000 - 0x000007fefc9dc000 	C:\Windows\system32\VERSION.dll
0x000000006f260000 - 0x000000006f266000 	C:\Program Files\NVIDIA Corporation\CoProcManager\detoured.dll
0x000007fef5e80000 - 0x000007fef5eb2000 	C:\Program Files\NVIDIA Corporation\CoProcManager\nvd3d9wrapx.dll
0x000007fefd340000 - 0x000007fefd517000 	C:\Windows\system32\SETUPAPI.dll
0x000007fefcf20000 - 0x000007fefcf56000 	C:\Windows\system32\CFGMGR32.dll
0x000007fefdcb0000 - 0x000007fefdd8a000 	C:\Windows\system32\OLEAUT32.dll
0x000007fefd120000 - 0x000007fefd31d000 	C:\Windows\system32\ole32.dll
0x000007fefd020000 - 0x000007fefd03a000 	C:\Windows\system32\DEVOBJ.dll
0x000007fef5e50000 - 0x000007fef5e72000 	C:\Program Files\NVIDIA Corporation\CoProcManager\nvdxgiwrapx.dll
0x000000006a350000 - 0x000000006a422000 	D:\Android Studio\jre\jre\bin\msvcr100.dll
0x00000000638c0000 - 0x00000000640fe000 	D:\Android Studio\jre\jre\bin\server\jvm.dll
0x000007fefca70000 - 0x000007fefca79000 	C:\Windows\system32\WSOCK32.dll
0x000007feff320000 - 0x000007feff36d000 	C:\Windows\system32\WS2_32.dll
0x000007fefdca0000 - 0x000007fefdca8000 	C:\Windows\system32\NSI.dll
0x000007fefa650000 - 0x000007fefa68b000 	C:\Windows\system32\WINMM.dll
0x0000000077220000 - 0x0000000077227000 	C:\Windows\system32\PSAPI.DLL
0x000007fefa180000 - 0x000007fefa18f000 	D:\Android Studio\jre\jre\bin\verify.dll
0x000007fef9d90000 - 0x000007fef9db9000 	D:\Android Studio\jre\jre\bin\java.dll
0x000007fef9e10000 - 0x000007fef9e26000 	D:\Android Studio\jre\jre\bin\zip.dll
0x000007fefe4f0000 - 0x000007feff27b000 	C:\Windows\system32\SHELL32.dll
0x000007fefcd60000 - 0x000007fefcd6f000 	C:\Windows\system32\profapi.dll
0x000007fefc4e0000 - 0x000007fefc4f8000 	C:\Windows\system32\CRYPTSP.dll
0x000007fefbf70000 - 0x000007fefbfb7000 	C:\Windows\system32\rsaenh.dll
0x000007fefcd70000 - 0x000007fefcd8e000 	C:\Windows\system32\USERENV.dll
0x000007fefc8c0000 - 0x000007fefc8cf000 	C:\Windows\system32\CRYPTBASE.dll
0x000007fef9ee0000 - 0x000007fef9efa000 	D:\Android Studio\jre\jre\bin\net.dll
0x000007fefc130000 - 0x000007fefc185000 	C:\Windows\system32\mswsock.dll
0x000007fefc3b0000 - 0x000007fefc3b7000 	C:\Windows\System32\wship6.dll
0x000007fefca40000 - 0x000007fefca67000 	C:\Windows\system32\IPHLPAPI.DLL
0x000007fefca30000 - 0x000007fefca3b000 	C:\Windows\system32\WINNSI.DLL
0x000007fef96a0000 - 0x000007fef96b1000 	C:\Windows\system32\dhcpcsvc6.DLL
0x000007fef9680000 - 0x000007fef9698000 	C:\Windows\system32\dhcpcsvc.DLL
0x000007fef9df0000 - 0x000007fef9e01000 	D:\Android Studio\jre\jre\bin\nio.dll

VM Arguments:
jvm_args: -Djava.awt.headless=true -Xmx64M -Dfile.encoding=windows-1251 -Duser.country=RU -Duser.language=ru -Duser.variant 
java_command: com.google.devtools.build.android.desugar.Desugar @D:\AndroidProjects\russianwives\app\build\intermediates\tmp\desugar_args9124389821452139413
java_class_path (initial): C:\Users\Михаил\AppData\Local\Temp\desugar_deploy.jar4244465780162757829
Launcher Type: SUN_STANDARD

Environment Variables:
JAVA_HOME=C:\Program Files\Java\jdk1.8.0_151
PATH=C:\Program Files (x86)\Common Files\Oracle\Java\javapath;C:\ProgramData\Oracle\Java\javapath;C:\Windows\system32;C:\Windows;C:\Windows\System32\Wbem;C:\Windows\System32\WindowsPowerShell\v1.0\;C:\Program Files (x86)\NVIDIA Corporation\PhysX\Common;C:\Program Files (x86)\Skype\Phone\;C:\Program Files\Microsoft SQL Server\130\Tools\Binn\;C:\Program Files\nodejs\;C:\ProgramData\chocolatey\bin;C:\Users\Михаил\AppData\Roaming\npm;D:\SDKAndroidStudio\platform-tools;D:\Microsoft VS Code\bin;C:\Users\Михаил\AppData\Local\Programs\Python\Python36-32\;C:\Users\Михаил\AppData\Local\Programs\Python\Python36-32\Scripts;
USERNAME=Михаил
OS=Windows_NT
PROCESSOR_IDENTIFIER=Intel64 Family 6 Model 61 Stepping 4, GenuineIntel



---------------  S Y S T E M  ---------------

OS: Windows 7 , 64 bit Build 7601 (6.1.7601.24150)

CPU:total 4 (initial active 4) (2 cores per cpu, 2 threads per core) family 6 model 61 stepping 4, cmov, cx8, fxsr, mmx, sse, sse2, sse3, ssse3, sse4.1, sse4.2, popcnt, clmul, erms, 3dnowpref, lzcnt, ht, tsc, tscinvbit

Memory: 4k page, physical 4112176k(13840k free), swap 16446828k(4904k free)

vm_info: OpenJDK 64-Bit Server VM (25.152-b01) for windows-amd64 JRE (1.8.0_152-release-915-b01), built by "builder" with MS VC++ 10.0 (VS2010)

time: Mon Jun 25 22:51:41 2018
elapsed time: 49 seconds (0d 0h 0m 49s)

