#
# There is insufficient memory for the Java Runtime Environment to continue.
# Native memory allocation (malloc) failed to allocate 32744 bytes for ChunkPool::allocate
# Possible reasons:
#   The system is out of physical RAM or swap space
#   In 32 bit mode, the process size limit was hit
# Possible solutions:
#   Reduce memory load on the system
#   Increase physical memory or swap space
#   Check if swap backing store is full
#   Use 64 bit Java on a 64 bit OS
#   Decrease Java heap size (-Xmx/-Xms)
#   Decrease number of Java threads
#   Decrease Java thread stack sizes (-Xss)
#   Set larger code cache with -XX:ReservedCodeCacheSize=
# This output file may be truncated or incomplete.
#
#  Out of Memory Error (allocation.cpp:273), pid=9600, tid=0x0000000000002b90
#
# JRE version: OpenJDK Runtime Environment (8.0_152-b01) (build 1.8.0_152-release-915-b01)
# Java VM: OpenJDK 64-Bit Server VM (25.152-b01 mixed mode windows-amd64 compressed oops)
# Failed to write core dump. Minidumps are not enabled by default on client versions of Windows
#

---------------  T H R E A D  ---------------

Current thread (0x0000000052d30800):  JavaThread "C2 CompilerThread0" daemon [_thread_in_native, id=11152, stack(0x0000000054690000,0x0000000054790000)]

Stack: [0x0000000054690000,0x0000000054790000]
[error occurred during error reporting (printing stack bounds), id 0xc0000005]

Native frames: (J=compiled Java code, j=interpreted, Vv=VM code, C=native code)


Current CompileTask:
C2:  21967  882 %     4       org.objectweb.asm.ClassReader::a @ 74 (3587 bytes)


---------------  P R O C E S S  ---------------

Java Threads: ( => current thread )
  0x00000000547ee800 JavaThread "Service Thread" daemon [_thread_blocked, id=12092, stack(0x0000000054df0000,0x0000000054ef0000)]
  0x00000000547e6000 JavaThread "C1 CompilerThread2" daemon [_thread_in_vm, id=12192, stack(0x0000000054540000,0x0000000054640000)]
  0x00000000547e5800 JavaThread "C2 CompilerThread1" daemon [_thread_in_vm, id=7640, stack(0x0000000054c70000,0x0000000054d70000)]
=>0x0000000052d30800 JavaThread "C2 CompilerThread0" daemon [_thread_in_native, id=11152, stack(0x0000000054690000,0x0000000054790000)]
  0x0000000052d3f000 JavaThread "Attach Listener" daemon [_thread_blocked, id=6500, stack(0x00000000543e0000,0x00000000544e0000)]
  0x0000000052d3d800 JavaThread "Signal Dispatcher" daemon [_thread_blocked, id=5600, stack(0x00000000541b0000,0x00000000542b0000)]
  0x0000000052d18000 JavaThread "Finalizer" daemon [_thread_blocked, id=12116, stack(0x0000000053fc0000,0x00000000540c0000)]
  0x0000000052cd1000 JavaThread "Reference Handler" daemon [_thread_blocked, id=7032, stack(0x0000000053eb0000,0x0000000053fb0000)]
  0x00000000021af000 JavaThread "main" [_thread_in_native, id=9796, stack(0x0000000002530000,0x0000000002630000)]

Other Threads:
  0x0000000052cc9000 VMThread [stack: 0x0000000053d80000,0x0000000053e80000] [id=2564]
  0x00000000547f0000 WatcherThread [stack: 0x0000000054f80000,0x0000000055080000] [id=11436]

VM state:not at safepoint (normal execution)

VM Mutex/Monitor currently owned by a thread: None

Heap:
 PSYoungGen      total 18944K, used 7861K [0x00000000feb00000, 0x0000000100000000, 0x0000000100000000)
  eden space 16384K, 32% used [0x00000000feb00000,0x00000000ff032d60,0x00000000ffb00000)
  from space 2560K, 99% used [0x00000000ffd80000,0x00000000ffffa840,0x0000000100000000)
  to   space 2560K, 0% used [0x00000000ffb00000,0x00000000ffb00000,0x00000000ffd80000)
 ParOldGen       total 44032K, used 5689K [0x00000000fc000000, 0x00000000feb00000, 0x00000000feb00000)
  object space 44032K, 12% used [0x00000000fc000000,0x00000000fc58e448,0x00000000feb00000)
 Metaspace       used 7567K, capacity 7714K, committed 7936K, reserved 1056768K
  class space    used 875K, capacity 957K, committed 1024K, reserved 1048576K

Card table byte_map: [0x0000000000460000,0x0000000000490000] byte_map_base: 0xffffffffffc80000

Marking Bits: (ParMarkBitMap*) 0x00000000667e3950
 Begin Bits: [0x0000000012140000, 0x0000000012240000)
 End Bits:   [0x0000000012240000, 0x0000000012340000)

Polling page: 0x0000000000230000

CodeCache: size=245760Kb used=3493Kb max_used=3504Kb free=242266Kb
 bounds [0x0000000002900000, 0x0000000002c70000, 0x0000000011900000]
 total_blobs=1243 nmethods=913 adapters=245
 compilation: enabled

Compilation events (10 events):
Event: 21.122 Thread 0x00000000547e6000 nmethod 909 0x0000000002c62dd0 code [0x0000000002c62fe0, 0x0000000002c63a38]
Event: 21.122 Thread 0x00000000547e6000  910       3       com.google.devtools.build.android.desugar.Java7Compatibility::visitMethod (134 bytes)
Event: 21.124 Thread 0x00000000547e6000 nmethod 910 0x0000000002c65950 code [0x0000000002c65ba0, 0x0000000002c66bc8]
Event: 21.124 Thread 0x00000000547e6000  911       3       org.objectweb.asm.ClassWriter::visitMethod (20 bytes)
Event: 21.125 Thread 0x00000000547e6000 nmethod 911 0x0000000002c62950 code [0x0000000002c62ac0, 0x0000000002c62ce8]
Event: 21.125 Thread 0x00000000547e6000  913       3       com.google.common.base.Preconditions::checkNotNull (35 bytes)
Event: 21.126 Thread 0x00000000547e6000 nmethod 913 0x0000000002c67210 code [0x0000000002c673c0, 0x0000000002c679f8]
Event: 21.126 Thread 0x00000000547e6000  914       3       org.objectweb.asm.MethodWriter::a (845 bytes)
Event: 21.131 Thread 0x00000000547e6000 nmethod 914 0x0000000002c67c50 code [0x0000000002c680c0, 0x0000000002c6a488]
Event: 21.134 Thread 0x00000000547e5800 nmethod 908 0x0000000002c6e750 code [0x0000000002c6e8a0, 0x0000000002c6ebc8]

GC Heap History (4 events):
Event: 9.911 GC heap before
{Heap before GC invocations=1 (full 0):
 PSYoungGen      total 18944K, used 16384K [0x00000000feb00000, 0x0000000100000000, 0x0000000100000000)
  eden space 16384K, 100% used [0x00000000feb00000,0x00000000ffb00000,0x00000000ffb00000)
  from space 2560K, 0% used [0x00000000ffd80000,0x00000000ffd80000,0x0000000100000000)
  to   space 2560K, 0% used [0x00000000ffb00000,0x00000000ffb00000,0x00000000ffd80000)
 ParOldGen       total 44032K, used 0K [0x00000000fc000000, 0x00000000feb00000, 0x00000000feb00000)
  object space 44032K, 0% used [0x00000000fc000000,0x00000000fc000000,0x00000000feb00000)
 Metaspace       used 6534K, capacity 6736K, committed 7040K, reserved 1056768K
  class space    used 772K, capacity 824K, committed 896K, reserved 1048576K
Event: 9.928 GC heap after
Heap after GC invocations=1 (full 0):
 PSYoungGen      total 18944K, used 2544K [0x00000000feb00000, 0x0000000100000000, 0x0000000100000000)
  eden space 16384K, 0% used [0x00000000feb00000,0x00000000feb00000,0x00000000ffb00000)
  from space 2560K, 99% used [0x00000000ffb00000,0x00000000ffd7c020,0x00000000ffd80000)
  to   space 2560K, 0% used [0x00000000ffd80000,0x00000000ffd80000,0x0000000100000000)
 ParOldGen       total 44032K, used 1316K [0x00000000fc000000, 0x00000000feb00000, 0x00000000feb00000)
  object space 44032K, 2% used [0x00000000fc000000,0x00000000fc1492d0,0x00000000feb00000)
 Metaspace       used 6534K, capacity 6736K, committed 7040K, reserved 1056768K
  class space    used 772K, capacity 824K, committed 896K, reserved 1048576K
}
Event: 20.398 GC heap before
{Heap before GC invocations=2 (full 0):
 PSYoungGen      total 18944K, used 18928K [0x00000000feb00000, 0x0000000100000000, 0x0000000100000000)
  eden space 16384K, 100% used [0x00000000feb00000,0x00000000ffb00000,0x00000000ffb00000)
  from space 2560K, 99% used [0x00000000ffb00000,0x00000000ffd7c020,0x00000000ffd80000)
  to   space 2560K, 0% used [0x00000000ffd80000,0x00000000ffd80000,0x0000000100000000)
 ParOldGen       total 44032K, used 1316K [0x00000000fc000000, 0x00000000feb00000, 0x00000000feb00000)
  object space 44032K, 2% used [0x00000000fc000000,0x00000000fc1492d0,0x00000000feb00000)
 Metaspace       used 7328K, capacity 7490K, committed 7680K, reserved 1056768K
  class space    used 860K, capacity 925K, committed 1024K, reserved 1048576K
Event: 20.522 GC heap after
Heap after GC invocations=2 (full 0):
 PSYoungGen      total 18944K, used 2538K [0x00000000feb00000, 0x0000000100000000, 0x0000000100000000)
  eden space 16384K, 0% used [0x00000000feb00000,0x00000000feb00000,0x00000000ffb00000)
  from space 2560K, 99% used [0x00000000ffd80000,0x00000000ffffa840,0x0000000100000000)
  to   space 2560K, 0% used [0x00000000ffb00000,0x00000000ffb00000,0x00000000ffd80000)
 ParOldGen       total 44032K, used 5689K [0x00000000fc000000, 0x00000000feb00000, 0x00000000feb00000)
  object space 44032K, 12% used [0x00000000fc000000,0x00000000fc58e448,0x00000000feb00000)
 Metaspace       used 7328K, capacity 7490K, committed 7680K, reserved 1056768K
  class space    used 860K, capacity 925K, committed 1024K, reserved 1048576K
}

Deoptimization events (10 events):
Event: 9.891 Thread 0x00000000021af000 Uncommon trap: reason=unstable_if action=reinterpret pc=0x0000000002b2c48c method=java.util.zip.ZipCoder.decoder()Ljava/nio/charset/CharsetDecoder; @ 4
Event: 9.893 Thread 0x00000000021af000 Uncommon trap: reason=unstable_if action=reinterpret pc=0x0000000002b26488 method=java.util.zip.ZipFile$ZipEntryIterator.hasNext()Z @ 25
Event: 9.893 Thread 0x00000000021af000 Uncommon trap: reason=unstable_if action=reinterpret pc=0x0000000002b25628 method=java.util.zip.ZipCoder.decoder()Ljava/nio/charset/CharsetDecoder; @ 4
Event: 9.975 Thread 0x00000000021af000 Uncommon trap: reason=unstable_if action=reinterpret pc=0x0000000002b33154 method=java.util.zip.ZipCoder.decoder()Ljava/nio/charset/CharsetDecoder; @ 4
Event: 9.976 Thread 0x00000000021af000 Uncommon trap: reason=unstable_if action=reinterpret pc=0x0000000002b31014 method=java.util.zip.ZipCoder.decoder()Ljava/nio/charset/CharsetDecoder; @ 4
Event: 9.990 Thread 0x00000000021af000 Uncommon trap: reason=unstable_if action=reinterpret pc=0x0000000002b37b3c method=java.util.HashMap$HashIterator.nextNode()Ljava/util/HashMap$Node; @ 74
Event: 16.021 Thread 0x00000000021af000 Uncommon trap: reason=unloaded action=reinterpret pc=0x0000000002b272f4 method=java.util.zip.ZipEntry.setExtra0([BZ)V @ 37
Event: 16.207 Thread 0x00000000021af000 Uncommon trap: reason=unstable_if action=reinterpret pc=0x0000000002b3e6fc method=java.util.HashMap$HashIterator.nextNode()Ljava/util/HashMap$Node; @ 74
Event: 20.540 Thread 0x00000000021af000 Uncommon trap: reason=unstable_if action=reinterpret pc=0x0000000002a880e8 method=java.lang.String.<init>([CII)V @ 18
Event: 20.815 Thread 0x00000000021af000 Uncommon trap: reason=unstable_if action=reinterpret pc=0x0000000002c1b370 method=org.objectweb.asm.Item.a(Lorg/objectweb/asm/Item;)Z @ 345

Classes redefined (0 events):
No events

Internal exceptions (10 events):
Event: 16.220 Thread 0x00000000021af000 Exception <a 'sun/nio/fs/WindowsException'> (0x00000000ffa0b308) thrown at [D:\src\AOSP-openjdk-cygwin\jdk8u\hotspot\src\share\vm\prims\jni.cpp, line 709]
Event: 16.220 Thread 0x00000000021af000 Exception <a 'sun/nio/fs/WindowsException'> (0x00000000ffa0b890) thrown at [D:\src\AOSP-openjdk-cygwin\jdk8u\hotspot\src\share\vm\prims\jni.cpp, line 709]
Event: 20.545 Thread 0x00000000021af000 Exception <a 'sun/nio/fs/WindowsException'> (0x00000000feb26c88) thrown at [D:\src\AOSP-openjdk-cygwin\jdk8u\hotspot\src\share\vm\prims\jni.cpp, line 709]
Event: 20.546 Thread 0x00000000021af000 Exception <a 'sun/nio/fs/WindowsException'> (0x00000000feb27190) thrown at [D:\src\AOSP-openjdk-cygwin\jdk8u\hotspot\src\share\vm\prims\jni.cpp, line 709]
Event: 20.687 Thread 0x00000000021af000 Exception <a 'sun/nio/fs/WindowsException'> (0x00000000feca23c8) thrown at [D:\src\AOSP-openjdk-cygwin\jdk8u\hotspot\src\share\vm\prims\jni.cpp, line 709]
Event: 20.687 Thread 0x00000000021af000 Exception <a 'sun/nio/fs/WindowsException'> (0x00000000feca28d0) thrown at [D:\src\AOSP-openjdk-cygwin\jdk8u\hotspot\src\share\vm\prims\jni.cpp, line 709]
Event: 20.697 Thread 0x00000000021af000 Exception <a 'sun/nio/fs/WindowsException'> (0x00000000feca5d78) thrown at [D:\src\AOSP-openjdk-cygwin\jdk8u\hotspot\src\share\vm\prims\jni.cpp, line 709]
Event: 20.697 Thread 0x00000000021af000 Exception <a 'sun/nio/fs/WindowsException'> (0x00000000feca6280) thrown at [D:\src\AOSP-openjdk-cygwin\jdk8u\hotspot\src\share\vm\prims\jni.cpp, line 709]
Event: 21.114 Thread 0x00000000021af000 Exception <a 'sun/nio/fs/WindowsException'> (0x00000000fefad5a0) thrown at [D:\src\AOSP-openjdk-cygwin\jdk8u\hotspot\src\share\vm\prims\jni.cpp, line 709]
Event: 21.114 Thread 0x00000000021af000 Exception <a 'sun/nio/fs/WindowsException'> (0x00000000fefadaa8) thrown at [D:\src\AOSP-openjdk-cygwin\jdk8u\hotspot\src\share\vm\prims\jni.cpp, line 709]

Events (10 events):
Event: 20.552 loading class org/objectweb/asm/Edge done
Event: 20.557 loading class org/objectweb/asm/tree/TryCatchBlockNode
Event: 20.557 loading class org/objectweb/asm/tree/TryCatchBlockNode done
Event: 20.558 loading class org/objectweb/asm/Handler
Event: 20.558 loading class org/objectweb/asm/Handler done
Event: 20.607 loading class org/objectweb/asm/Opcodes
Event: 20.607 loading class org/objectweb/asm/Opcodes done
Event: 20.815 Thread 0x00000000021af000 Uncommon trap: trap_request=0xffffff65 fr.pc=0x0000000002c1b370
Event: 20.815 Thread 0x00000000021af000 DEOPT PACKING pc=0x0000000002c1b370 sp=0x000000000262ea30
Event: 20.815 Thread 0x00000000021af000 DEOPT UNPACKING pc=0x000000000294556a sp=0x000000000262e9c8 mode 2


Dynamic libraries:
0x000000013fc00000 - 0x000000013fc31000 	D:\Android Studio\jre\bin\java.exe
0x0000000077080000 - 0x000000007721f000 	C:\Windows\SYSTEM32\ntdll.dll
0x0000000076e60000 - 0x0000000076f7f000 	C:\Windows\system32\kernel32.dll
0x000007fefcfb0000 - 0x000007fefd01a000 	C:\Windows\system32\KERNELBASE.dll
0x000007fefe0e0000 - 0x000007fefe1bb000 	C:\Windows\system32\ADVAPI32.dll
0x000007fefdb60000 - 0x000007fefdbff000 	C:\Windows\system32\msvcrt.dll
0x000007fefd710000 - 0x000007fefd72f000 	C:\Windows\SYSTEM32\sechost.dll
0x000007fefd840000 - 0x000007fefd96d000 	C:\Windows\system32\RPCRT4.dll
0x0000000076f80000 - 0x000000007707a000 	C:\Windows\system32\USER32.dll
0x000007feff2b0000 - 0x000007feff317000 	C:\Windows\system32\GDI32.dll
0x000007fefd110000 - 0x000007fefd11e000 	C:\Windows\system32\LPK.dll
0x000007fefd640000 - 0x000007fefd70b000 	C:\Windows\system32\USP10.dll
0x000007fefb240000 - 0x000007fefb434000 	C:\Windows\WinSxS\amd64_microsoft.windows.common-controls_6595b64144ccf1df_6.0.7601.18837_none_fa3b1e3d17594757\COMCTL32.dll
0x000007fefdd90000 - 0x000007fefde01000 	C:\Windows\system32\SHLWAPI.dll
0x000007feff280000 - 0x000007feff2ae000 	C:\Windows\system32\IMM32.DLL
0x000007fefd730000 - 0x000007fefd839000 	C:\Windows\system32\MSCTF.dll
0x000007fefc9e0000 - 0x000007fefca11000 	C:\Windows\system32\nvinitx.dll
0x000007fefc9d0000 - 0x000007fefc9dc000 	C:\Windows\system32\VERSION.dll
0x000000006f260000 - 0x000000006f266000 	C:\Program Files\NVIDIA Corporation\CoProcManager\detoured.dll
0x000007fef5e80000 - 0x000007fef5eb2000 	C:\Program Files\NVIDIA Corporation\CoProcManager\nvd3d9wrapx.dll
0x000007fefd340000 - 0x000007fefd517000 	C:\Windows\system32\SETUPAPI.dll
0x000007fefcf20000 - 0x000007fefcf56000 	C:\Windows\system32\CFGMGR32.dll
0x000007fefdcb0000 - 0x000007fefdd8a000 	C:\Windows\system32\OLEAUT32.dll
0x000007fefd120000 - 0x000007fefd31d000 	C:\Windows\system32\ole32.dll
0x000007fefd020000 - 0x000007fefd03a000 	C:\Windows\system32\DEVOBJ.dll
0x000007fef5e50000 - 0x000007fef5e72000 	C:\Program Files\NVIDIA Corporation\CoProcManager\nvdxgiwrapx.dll
0x000000006a350000 - 0x000000006a422000 	D:\Android Studio\jre\jre\bin\msvcr100.dll
0x0000000066020000 - 0x000000006685e000 	D:\Android Studio\jre\jre\bin\server\jvm.dll
0x000007fefca70000 - 0x000007fefca79000 	C:\Windows\system32\WSOCK32.dll
0x000007feff320000 - 0x000007feff36d000 	C:\Windows\system32\WS2_32.dll
0x000007fefdca0000 - 0x000007fefdca8000 	C:\Windows\system32\NSI.dll
0x000007fefa650000 - 0x000007fefa68b000 	C:\Windows\system32\WINMM.dll
0x0000000077220000 - 0x0000000077227000 	C:\Windows\system32\PSAPI.DLL
0x000007fefa1f0000 - 0x000007fefa1ff000 	D:\Android Studio\jre\jre\bin\verify.dll
0x000007fef9ea0000 - 0x000007fef9ec9000 	D:\Android Studio\jre\jre\bin\java.dll
0x000007fef9ee0000 - 0x000007fef9ef6000 	D:\Android Studio\jre\jre\bin\zip.dll
0x000007fefe4f0000 - 0x000007feff27b000 	C:\Windows\system32\SHELL32.dll
0x000007fefcd60000 - 0x000007fefcd6f000 	C:\Windows\system32\profapi.dll
0x000007fefc4e0000 - 0x000007fefc4f8000 	C:\Windows\system32\CRYPTSP.dll
0x000007fefbf70000 - 0x000007fefbfb7000 	C:\Windows\system32\rsaenh.dll
0x000007fefcd70000 - 0x000007fefcd8e000 	C:\Windows\system32\USERENV.dll
0x000007fefc8c0000 - 0x000007fefc8cf000 	C:\Windows\system32\CRYPTBASE.dll
0x000007fef9e10000 - 0x000007fef9e2a000 	D:\Android Studio\jre\jre\bin\net.dll
0x000007fefc130000 - 0x000007fefc185000 	C:\Windows\system32\mswsock.dll
0x000007fefc3b0000 - 0x000007fefc3b7000 	C:\Windows\System32\wship6.dll
0x000007fefca40000 - 0x000007fefca67000 	C:\Windows\system32\IPHLPAPI.DLL
0x000007fefca30000 - 0x000007fefca3b000 	C:\Windows\system32\WINNSI.DLL
0x000007fef96a0000 - 0x000007fef96b1000 	C:\Windows\system32\dhcpcsvc6.DLL
0x000007fef9680000 - 0x000007fef9698000 	C:\Windows\system32\dhcpcsvc.DLL
0x000007fef9df0000 - 0x000007fef9e01000 	D:\Android Studio\jre\jre\bin\nio.dll

VM Arguments:
jvm_args: -Djava.awt.headless=true -Xmx64M -Dfile.encoding=windows-1251 -Duser.country=RU -Duser.language=ru -Duser.variant 
java_command: com.google.devtools.build.android.desugar.Desugar @D:\AndroidProjects\russianwives\app\build\intermediates\tmp\desugar_args6929556216506766880
java_class_path (initial): C:\Users\Михаил\AppData\Local\Temp\desugar_deploy.jar1781669346413367377
Launcher Type: SUN_STANDARD

Environment Variables:
JAVA_HOME=C:\Program Files\Java\jdk1.8.0_151
PATH=C:\Program Files (x86)\Common Files\Oracle\Java\javapath;C:\ProgramData\Oracle\Java\javapath;C:\Windows\system32;C:\Windows;C:\Windows\System32\Wbem;C:\Windows\System32\WindowsPowerShell\v1.0\;C:\Program Files (x86)\NVIDIA Corporation\PhysX\Common;C:\Program Files (x86)\Skype\Phone\;C:\Program Files\Microsoft SQL Server\130\Tools\Binn\;C:\Program Files\nodejs\;C:\ProgramData\chocolatey\bin;C:\Users\Михаил\AppData\Roaming\npm;D:\SDKAndroidStudio\platform-tools;D:\Microsoft VS Code\bin;C:\Users\Михаил\AppData\Local\Programs\Python\Python36-32\;C:\Users\Михаил\AppData\Local\Programs\Python\Python36-32\Scripts;
USERNAME=Михаил
OS=Windows_NT
PROCESSOR_IDENTIFIER=Intel64 Family 6 Model 61 Stepping 4, GenuineIntel



---------------  S Y S T E M  ---------------

OS: Windows 7 , 64 bit Build 7601 (6.1.7601.24150)

CPU:total 4 (initial active 4) (2 cores per cpu, 2 threads per core) family 6 model 61 stepping 4, cmov, cx8, fxsr, mmx, sse, sse2, sse3, ssse3, sse4.1, sse4.2, popcnt, clmul, erms, 3dnowpref, lzcnt, ht, tsc, tscinvbit

Memory: 4k page, physical 4112176k(9072k free), swap 16446828k(3024k free)

vm_info: OpenJDK 64-Bit Server VM (25.152-b01) for windows-amd64 JRE (1.8.0_152-release-915-b01), built by "builder" with MS VC++ 10.0 (VS2010)

time: Mon Jun 25 01:12:44 2018
elapsed time: 21 seconds (0d 0h 0m 21s)

