#
# There is insufficient memory for the Java Runtime Environment to continue.
# Native memory allocation (malloc) failed to allocate 94256 bytes for Chunk::new
# Possible reasons:
#   The system is out of physical RAM or swap space
#   In 32 bit mode, the process size limit was hit
# Possible solutions:
#   Reduce memory load on the system
#   Increase physical memory or swap space
#   Check if swap backing store is full
#   Use 64 bit Java on a 64 bit OS
#   Decrease Java heap size (-Xmx/-Xms)
#   Decrease number of Java threads
#   Decrease Java thread stack sizes (-Xss)
#   Set larger code cache with -XX:ReservedCodeCacheSize=
# This output file may be truncated or incomplete.
#
#  Out of Memory Error (allocation.cpp:390), pid=5156, tid=0x0000000000001124
#
# JRE version: OpenJDK Runtime Environment (8.0_152-b01) (build 1.8.0_152-release-915-b01)
# Java VM: OpenJDK 64-Bit Server VM (25.152-b01 mixed mode windows-amd64 compressed oops)
# Failed to write core dump. Minidumps are not enabled by default on client versions of Windows
#

---------------  T H R E A D  ---------------

Current thread (0x0000000052ed0800):  JavaThread "C2 CompilerThread0" daemon [_thread_in_native, id=4388, stack(0x0000000054740000,0x0000000054840000)]

Stack: [0x0000000054740000,0x0000000054840000]
[error occurred during error reporting (printing stack bounds), id 0xc0000005]

Native frames: (J=compiled Java code, j=interpreted, Vv=VM code, C=native code)


Current CompileTask:
C2:  21812  923       4       org.objectweb.asm.MethodVisitor::visitMethodInsn (68 bytes)


---------------  P R O C E S S  ---------------

Java Threads: ( => current thread )
  0x000000005489a000 JavaThread "Service Thread" daemon [_thread_blocked, id=484, stack(0x0000000055010000,0x0000000055110000)]
  0x0000000054899000 JavaThread "C1 CompilerThread2" daemon [_thread_blocked, id=8740, stack(0x0000000054e20000,0x0000000054f20000)]
  0x0000000054898800 JavaThread "C2 CompilerThread1" daemon [_thread_in_native, id=9212, stack(0x0000000054cb0000,0x0000000054db0000)]
=>0x0000000052ed0800 JavaThread "C2 CompilerThread0" daemon [_thread_in_native, id=4388, stack(0x0000000054740000,0x0000000054840000)]
  0x0000000052edf000 JavaThread "Attach Listener" daemon [_thread_blocked, id=6820, stack(0x0000000054550000,0x0000000054650000)]
  0x0000000052ede000 JavaThread "Signal Dispatcher" daemon [_thread_blocked, id=11980, stack(0x00000000542e0000,0x00000000543e0000)]
  0x0000000052eb8000 JavaThread "Finalizer" daemon [_thread_blocked, id=10408, stack(0x0000000054190000,0x0000000054290000)]
  0x0000000052e71000 JavaThread "Reference Handler" daemon [_thread_blocked, id=8212, stack(0x0000000053fa0000,0x00000000540a0000)]
  0x000000000037f000 JavaThread "main" [_thread_in_native, id=10972, stack(0x0000000002530000,0x0000000002630000)]

Other Threads:
  0x0000000052e69000 VMThread [stack: 0x0000000053e20000,0x0000000053f20000] [id=7564]
  0x000000005489c000 WatcherThread [stack: 0x0000000055200000,0x0000000055300000] [id=11328]

VM state:not at safepoint (normal execution)

VM Mutex/Monitor currently owned by a thread: None

Heap:
 PSYoungGen      total 18944K, used 7113K [0x00000000feb00000, 0x0000000100000000, 0x0000000100000000)
  eden space 16384K, 27% used [0x00000000feb00000,0x00000000fef729c0,0x00000000ffb00000)
  from space 2560K, 99% used [0x00000000ffb00000,0x00000000ffd7fa80,0x00000000ffd80000)
  to   space 2560K, 0% used [0x00000000ffd80000,0x00000000ffd80000,0x0000000100000000)
 ParOldGen       total 44032K, used 5931K [0x00000000fc000000, 0x00000000feb00000, 0x00000000feb00000)
  object space 44032K, 13% used [0x00000000fc000000,0x00000000fc5cafd8,0x00000000feb00000)
 Metaspace       used 7611K, capacity 7794K, committed 7936K, reserved 1056768K
  class space    used 873K, capacity 957K, committed 1024K, reserved 1048576K

Card table byte_map: [0x0000000000380000,0x00000000003b0000] byte_map_base: 0xffffffffffba0000

Marking Bits: (ParMarkBitMap*) 0x00000000667e3950
 Begin Bits: [0x00000000122e0000, 0x00000000123e0000)
 End Bits:   [0x00000000123e0000, 0x00000000124e0000)

Polling page: 0x0000000000330000

CodeCache: size=245760Kb used=3639Kb max_used=3639Kb free=242120Kb
 bounds [0x0000000002900000, 0x0000000002c90000, 0x0000000011900000]
 total_blobs=1307 nmethods=970 adapters=245
 compilation: disabled (not enough contiguous free space left)

Compilation events (10 events):
Event: 21.312 Thread 0x0000000054899000  975       3       org.objectweb.asm.FieldVisitor::<init> (35 bytes)
Event: 21.313 Thread 0x0000000054899000 nmethod 975 0x0000000002c8e410 code [0x0000000002c8e580, 0x0000000002c8e868]
Event: 21.315 Thread 0x0000000054899000  976       3       java.lang.Integer::<init> (10 bytes)
Event: 21.315 Thread 0x0000000054899000 nmethod 976 0x0000000002c8e990 code [0x0000000002c8eb00, 0x0000000002c8ed10]
Event: 21.317 Thread 0x0000000054899000  977       3       java.util.HashMap::entrySet (27 bytes)
Event: 21.317 Thread 0x0000000054899000 nmethod 977 0x0000000002c8edd0 code [0x0000000002c8ef60, 0x0000000002c8f2f0]
Event: 21.317 Thread 0x0000000054899000  978       3       java.util.HashMap$EntrySet::iterator (12 bytes)
Event: 21.317 Thread 0x0000000054899000 nmethod 978 0x0000000002c8f490 code [0x0000000002c8f600, 0x0000000002c8f868]
Event: 21.318 Thread 0x0000000054899000  979       3       org.objectweb.asm.ClassReader::<init> (9 bytes)
Event: 21.318 Thread 0x0000000054899000 nmethod 979 0x0000000002c8f950 code [0x0000000002c8fac0, 0x0000000002c8fc48]

GC Heap History (4 events):
Event: 9.898 GC heap before
{Heap before GC invocations=1 (full 0):
 PSYoungGen      total 18944K, used 16384K [0x00000000feb00000, 0x0000000100000000, 0x0000000100000000)
  eden space 16384K, 100% used [0x00000000feb00000,0x00000000ffb00000,0x00000000ffb00000)
  from space 2560K, 0% used [0x00000000ffd80000,0x00000000ffd80000,0x0000000100000000)
  to   space 2560K, 0% used [0x00000000ffb00000,0x00000000ffb00000,0x00000000ffd80000)
 ParOldGen       total 44032K, used 0K [0x00000000fc000000, 0x00000000feb00000, 0x00000000feb00000)
  object space 44032K, 0% used [0x00000000fc000000,0x00000000fc000000,0x00000000feb00000)
 Metaspace       used 6528K, capacity 6688K, committed 6784K, reserved 1056768K
  class space    used 772K, capacity 824K, committed 896K, reserved 1048576K
Event: 9.937 GC heap after
Heap after GC invocations=1 (full 0):
 PSYoungGen      total 18944K, used 2528K [0x00000000feb00000, 0x0000000100000000, 0x0000000100000000)
  eden space 16384K, 0% used [0x00000000feb00000,0x00000000feb00000,0x00000000ffb00000)
  from space 2560K, 98% used [0x00000000ffb00000,0x00000000ffd78030,0x00000000ffd80000)
  to   space 2560K, 0% used [0x00000000ffd80000,0x00000000ffd80000,0x0000000100000000)
 ParOldGen       total 44032K, used 1181K [0x00000000fc000000, 0x00000000feb00000, 0x00000000feb00000)
  object space 44032K, 2% used [0x00000000fc000000,0x00000000fc127670,0x00000000feb00000)
 Metaspace       used 6528K, capacity 6688K, committed 6784K, reserved 1056768K
  class space    used 772K, capacity 824K, committed 896K, reserved 1048576K
}
Event: 18.332 GC heap before
{Heap before GC invocations=2 (full 0):
 PSYoungGen      total 18944K, used 18912K [0x00000000feb00000, 0x0000000100000000, 0x0000000100000000)
  eden space 16384K, 100% used [0x00000000feb00000,0x00000000ffb00000,0x00000000ffb00000)
  from space 2560K, 98% used [0x00000000ffb00000,0x00000000ffd78030,0x00000000ffd80000)
  to   space 2560K, 0% used [0x00000000ffd80000,0x00000000ffd80000,0x0000000100000000)
 ParOldGen       total 44032K, used 1181K [0x00000000fc000000, 0x00000000feb00000, 0x00000000feb00000)
  object space 44032K, 2% used [0x00000000fc000000,0x00000000fc127670,0x00000000feb00000)
 Metaspace       used 7096K, capacity 7282K, committed 7296K, reserved 1056768K
  class space    used 839K, capacity 893K, committed 896K, reserved 1048576K
Event: 18.358 GC heap after
Heap after GC invocations=2 (full 0):
 PSYoungGen      total 18944K, used 2558K [0x00000000feb00000, 0x0000000100000000, 0x0000000100000000)
  eden space 16384K, 0% used [0x00000000feb00000,0x00000000feb00000,0x00000000ffb00000)
  from space 2560K, 99% used [0x00000000ffd80000,0x00000000fffffa60,0x0000000100000000)
  to   space 2560K, 0% used [0x00000000ffb00000,0x00000000ffb00000,0x00000000ffd80000)
 ParOldGen       total 44032K, used 5468K [0x00000000fc000000, 0x00000000feb00000, 0x00000000feb00000)
  object space 44032K, 12% used [0x00000000fc000000,0x00000000fc557048,0x00000000feb00000)
 Metaspace       used 7096K, capacity 7282K, committed 7296K, reserved 1056768K
  class space    used 839K, capacity 893K, committed 896K, reserved 1048576K
}

Deoptimization events (8 events):
Event: 7.087 Thread 0x000000000037f000 Uncommon trap: reason=range_check action=make_not_entrant pc=0x0000000002a88890 method=sun.reflect.generics.parser.SignatureParser.current()C @ 34
Event: 9.845 Thread 0x000000000037f000 Uncommon trap: reason=unstable_if action=reinterpret pc=0x0000000002a99ce8 method=java.lang.String.startsWith(Ljava/lang/String;I)Z @ 25
Event: 9.873 Thread 0x000000000037f000 Uncommon trap: reason=unstable_if action=reinterpret pc=0x0000000002aecc88 method=java.util.zip.ZipEntry.setExtra0([BZ)V @ 1
Event: 9.878 Thread 0x000000000037f000 Uncommon trap: reason=unstable_if action=reinterpret pc=0x0000000002b1e0e8 method=java.util.zip.ZipCoder.decoder()Ljava/nio/charset/CharsetDecoder; @ 4
Event: 15.702 Thread 0x000000000037f000 Uncommon trap: reason=unstable_if action=reinterpret pc=0x0000000002b2bebc method=java.util.HashMap$HashIterator.nextNode()Ljava/util/HashMap$Node; @ 74
Event: 16.119 Thread 0x000000000037f000 Uncommon trap: reason=unloaded action=reinterpret pc=0x0000000002b1ecf4 method=java.util.zip.ZipEntry.setExtra0([BZ)V @ 37
Event: 20.534 Thread 0x000000000037f000 Uncommon trap: reason=unstable_if action=reinterpret pc=0x0000000002a8dd68 method=java.lang.String.<init>([CII)V @ 18
Event: 20.987 Thread 0x000000000037f000 Uncommon trap: reason=unstable_if action=reinterpret pc=0x0000000002be32fc method=java.lang.String.<init>([CII)V @ 18

Classes redefined (0 events):
No events

Internal exceptions (10 events):
Event: 15.675 Thread 0x000000000037f000 Exception <a 'sun/nio/fs/WindowsException'> (0x00000000ff283b20) thrown at [D:\src\AOSP-openjdk-cygwin\jdk8u\hotspot\src\share\vm\prims\jni.cpp, line 709]
Event: 15.675 Thread 0x000000000037f000 Exception <a 'sun/nio/fs/WindowsException'> (0x00000000ff284100) thrown at [D:\src\AOSP-openjdk-cygwin\jdk8u\hotspot\src\share\vm\prims\jni.cpp, line 709]
Event: 15.676 Thread 0x000000000037f000 Exception <a 'sun/nio/fs/WindowsException'> (0x00000000ff2848d0) thrown at [D:\src\AOSP-openjdk-cygwin\jdk8u\hotspot\src\share\vm\prims\jni.cpp, line 709]
Event: 15.676 Thread 0x000000000037f000 Exception <a 'sun/nio/fs/WindowsException'> (0x00000000ff284e88) thrown at [D:\src\AOSP-openjdk-cygwin\jdk8u\hotspot\src\share\vm\prims\jni.cpp, line 709]
Event: 15.676 Thread 0x000000000037f000 Exception <a 'sun/nio/fs/WindowsException'> (0x00000000ff285648) thrown at [D:\src\AOSP-openjdk-cygwin\jdk8u\hotspot\src\share\vm\prims\jni.cpp, line 709]
Event: 15.720 Thread 0x000000000037f000 Exception <a 'sun/nio/fs/WindowsException'> (0x00000000ff28aa58) thrown at [D:\src\AOSP-openjdk-cygwin\jdk8u\hotspot\src\share\vm\prims\jni.cpp, line 709]
Event: 16.227 Thread 0x000000000037f000 Exception <a 'sun/nio/fs/WindowsException'> (0x00000000ffa5bac0) thrown at [D:\src\AOSP-openjdk-cygwin\jdk8u\hotspot\src\share\vm\prims\jni.cpp, line 709]
Event: 16.227 Thread 0x000000000037f000 Exception <a 'sun/nio/fs/WindowsException'> (0x00000000ffa5c048) thrown at [D:\src\AOSP-openjdk-cygwin\jdk8u\hotspot\src\share\vm\prims\jni.cpp, line 709]
Event: 20.604 Thread 0x000000000037f000 Exception <a 'sun/nio/fs/WindowsException'> (0x00000000fed08b38) thrown at [D:\src\AOSP-openjdk-cygwin\jdk8u\hotspot\src\share\vm\prims\jni.cpp, line 709]
Event: 20.604 Thread 0x000000000037f000 Exception <a 'sun/nio/fs/WindowsException'> (0x00000000fed09040) thrown at [D:\src\AOSP-openjdk-cygwin\jdk8u\hotspot\src\share\vm\prims\jni.cpp, line 709]

Events (10 events):
Event: 20.529 loading class java/time/temporal/TemporalAdjuster done
Event: 20.529 loading class java/time/Instant done
Event: 20.534 Thread 0x000000000037f000 Uncommon trap: trap_request=0xffffff65 fr.pc=0x0000000002a8dd68
Event: 20.534 Thread 0x000000000037f000 DEOPT PACKING pc=0x0000000002a8dd68 sp=0x000000000262ed00
Event: 20.534 Thread 0x000000000037f000 DEOPT UNPACKING pc=0x000000000294556a sp=0x000000000262ecc8 mode 2
Event: 20.602 loading class java/util/Vector$Itr
Event: 20.602 loading class java/util/Vector$Itr done
Event: 20.986 Thread 0x000000000037f000 Uncommon trap: trap_request=0xffffff65 fr.pc=0x0000000002be32fc
Event: 20.987 Thread 0x000000000037f000 DEOPT PACKING pc=0x0000000002be32fc sp=0x000000000262ec80
Event: 20.987 Thread 0x000000000037f000 DEOPT UNPACKING pc=0x000000000294556a sp=0x000000000262eb28 mode 2


Dynamic libraries:
0x000000013fc00000 - 0x000000013fc31000 	D:\Android Studio\jre\bin\java.exe
0x0000000077080000 - 0x000000007721f000 	C:\Windows\SYSTEM32\ntdll.dll
0x0000000076e60000 - 0x0000000076f7f000 	C:\Windows\system32\kernel32.dll
0x000007fefcfb0000 - 0x000007fefd01a000 	C:\Windows\system32\KERNELBASE.dll
0x000007fefe0e0000 - 0x000007fefe1bb000 	C:\Windows\system32\ADVAPI32.dll
0x000007fefdb60000 - 0x000007fefdbff000 	C:\Windows\system32\msvcrt.dll
0x000007fefd710000 - 0x000007fefd72f000 	C:\Windows\SYSTEM32\sechost.dll
0x000007fefd840000 - 0x000007fefd96d000 	C:\Windows\system32\RPCRT4.dll
0x0000000076f80000 - 0x000000007707a000 	C:\Windows\system32\USER32.dll
0x000007feff2b0000 - 0x000007feff317000 	C:\Windows\system32\GDI32.dll
0x000007fefd110000 - 0x000007fefd11e000 	C:\Windows\system32\LPK.dll
0x000007fefd640000 - 0x000007fefd70b000 	C:\Windows\system32\USP10.dll
0x000007fefb240000 - 0x000007fefb434000 	C:\Windows\WinSxS\amd64_microsoft.windows.common-controls_6595b64144ccf1df_6.0.7601.18837_none_fa3b1e3d17594757\COMCTL32.dll
0x000007fefdd90000 - 0x000007fefde01000 	C:\Windows\system32\SHLWAPI.dll
0x000007feff280000 - 0x000007feff2ae000 	C:\Windows\system32\IMM32.DLL
0x000007fefd730000 - 0x000007fefd839000 	C:\Windows\system32\MSCTF.dll
0x000007fefc9e0000 - 0x000007fefca11000 	C:\Windows\system32\nvinitx.dll
0x000007fefc9d0000 - 0x000007fefc9dc000 	C:\Windows\system32\VERSION.dll
0x000000006f260000 - 0x000000006f266000 	C:\Program Files\NVIDIA Corporation\CoProcManager\detoured.dll
0x000007fef5e80000 - 0x000007fef5eb2000 	C:\Program Files\NVIDIA Corporation\CoProcManager\nvd3d9wrapx.dll
0x000007fefd340000 - 0x000007fefd517000 	C:\Windows\system32\SETUPAPI.dll
0x000007fefcf20000 - 0x000007fefcf56000 	C:\Windows\system32\CFGMGR32.dll
0x000007fefdcb0000 - 0x000007fefdd8a000 	C:\Windows\system32\OLEAUT32.dll
0x000007fefd120000 - 0x000007fefd31d000 	C:\Windows\system32\ole32.dll
0x000007fefd020000 - 0x000007fefd03a000 	C:\Windows\system32\DEVOBJ.dll
0x000007fef5e50000 - 0x000007fef5e72000 	C:\Program Files\NVIDIA Corporation\CoProcManager\nvdxgiwrapx.dll
0x000000006a350000 - 0x000000006a422000 	D:\Android Studio\jre\jre\bin\msvcr100.dll
0x0000000066020000 - 0x000000006685e000 	D:\Android Studio\jre\jre\bin\server\jvm.dll
0x000007fefca70000 - 0x000007fefca79000 	C:\Windows\system32\WSOCK32.dll
0x000007feff320000 - 0x000007feff36d000 	C:\Windows\system32\WS2_32.dll
0x000007fefdca0000 - 0x000007fefdca8000 	C:\Windows\system32\NSI.dll
0x000007fefa650000 - 0x000007fefa68b000 	C:\Windows\system32\WINMM.dll
0x0000000077220000 - 0x0000000077227000 	C:\Windows\system32\PSAPI.DLL
0x000007fefa1f0000 - 0x000007fefa1ff000 	D:\Android Studio\jre\jre\bin\verify.dll
0x000007fef9ea0000 - 0x000007fef9ec9000 	D:\Android Studio\jre\jre\bin\java.dll
0x000007fef9ee0000 - 0x000007fef9ef6000 	D:\Android Studio\jre\jre\bin\zip.dll
0x000007fefe4f0000 - 0x000007feff27b000 	C:\Windows\system32\SHELL32.dll
0x000007fefcd60000 - 0x000007fefcd6f000 	C:\Windows\system32\profapi.dll
0x000007fefc4e0000 - 0x000007fefc4f8000 	C:\Windows\system32\CRYPTSP.dll
0x000007fefbf70000 - 0x000007fefbfb7000 	C:\Windows\system32\rsaenh.dll
0x000007fefcd70000 - 0x000007fefcd8e000 	C:\Windows\system32\USERENV.dll
0x000007fefc8c0000 - 0x000007fefc8cf000 	C:\Windows\system32\CRYPTBASE.dll
0x000007fef9e10000 - 0x000007fef9e2a000 	D:\Android Studio\jre\jre\bin\net.dll
0x000007fefc130000 - 0x000007fefc185000 	C:\Windows\system32\mswsock.dll
0x000007fefc3b0000 - 0x000007fefc3b7000 	C:\Windows\System32\wship6.dll
0x000007fefca40000 - 0x000007fefca67000 	C:\Windows\system32\IPHLPAPI.DLL
0x000007fefca30000 - 0x000007fefca3b000 	C:\Windows\system32\WINNSI.DLL
0x000007fef96a0000 - 0x000007fef96b1000 	C:\Windows\system32\dhcpcsvc6.DLL
0x000007fef9680000 - 0x000007fef9698000 	C:\Windows\system32\dhcpcsvc.DLL
0x000007fef9df0000 - 0x000007fef9e01000 	D:\Android Studio\jre\jre\bin\nio.dll

VM Arguments:
jvm_args: -Djava.awt.headless=true -Xmx64M -Dfile.encoding=windows-1251 -Duser.country=RU -Duser.language=ru -Duser.variant 
java_command: com.google.devtools.build.android.desugar.Desugar @D:\AndroidProjects\russianwives\app\build\intermediates\tmp\desugar_args5628141165611984546
java_class_path (initial): C:\Users\Михаил\AppData\Local\Temp\desugar_deploy.jar1781669346413367377
Launcher Type: SUN_STANDARD

Environment Variables:
JAVA_HOME=C:\Program Files\Java\jdk1.8.0_151
PATH=C:\Program Files (x86)\Common Files\Oracle\Java\javapath;C:\ProgramData\Oracle\Java\javapath;C:\Windows\system32;C:\Windows;C:\Windows\System32\Wbem;C:\Windows\System32\WindowsPowerShell\v1.0\;C:\Program Files (x86)\NVIDIA Corporation\PhysX\Common;C:\Program Files (x86)\Skype\Phone\;C:\Program Files\Microsoft SQL Server\130\Tools\Binn\;C:\Program Files\nodejs\;C:\ProgramData\chocolatey\bin;C:\Users\Михаил\AppData\Roaming\npm;D:\SDKAndroidStudio\platform-tools;D:\Microsoft VS Code\bin;C:\Users\Михаил\AppData\Local\Programs\Python\Python36-32\;C:\Users\Михаил\AppData\Local\Programs\Python\Python36-32\Scripts;
USERNAME=Михаил
OS=Windows_NT
PROCESSOR_IDENTIFIER=Intel64 Family 6 Model 61 Stepping 4, GenuineIntel



---------------  S Y S T E M  ---------------

OS: Windows 7 , 64 bit Build 7601 (6.1.7601.24150)

CPU:total 4 (initial active 4) (2 cores per cpu, 2 threads per core) family 6 model 61 stepping 4, cmov, cx8, fxsr, mmx, sse, sse2, sse3, ssse3, sse4.1, sse4.2, popcnt, clmul, erms, 3dnowpref, lzcnt, ht, tsc, tscinvbit

Memory: 4k page, physical 4112176k(9124k free), swap 16446828k(4008k free)

vm_info: OpenJDK 64-Bit Server VM (25.152-b01) for windows-amd64 JRE (1.8.0_152-release-915-b01), built by "builder" with MS VC++ 10.0 (VS2010)

time: Mon Jun 25 01:12:44 2018
elapsed time: 21 seconds (0d 0h 0m 21s)

