#
# There is insufficient memory for the Java Runtime Environment to continue.
# Native memory allocation (malloc) failed to allocate 826016 bytes for Chunk::new
# Possible reasons:
#   The system is out of physical RAM or swap space
#   In 32 bit mode, the process size limit was hit
# Possible solutions:
#   Reduce memory load on the system
#   Increase physical memory or swap space
#   Check if swap backing store is full
#   Use 64 bit Java on a 64 bit OS
#   Decrease Java heap size (-Xmx/-Xms)
#   Decrease number of Java threads
#   Decrease Java thread stack sizes (-Xss)
#   Set larger code cache with -XX:ReservedCodeCacheSize=
# This output file may be truncated or incomplete.
#
#  Out of Memory Error (allocation.cpp:390), pid=11932, tid=0x0000000000000e88
#
# JRE version: OpenJDK Runtime Environment (8.0_152-b01) (build 1.8.0_152-release-915-b01)
# Java VM: OpenJDK 64-Bit Server VM (25.152-b01 mixed mode windows-amd64 compressed oops)
# Failed to write core dump. Minidumps are not enabled by default on client versions of Windows
#

---------------  T H R E A D  ---------------

Current thread (0x0000000054189000):  JavaThread "C2 CompilerThread1" daemon [_thread_in_native, id=3720, stack(0x0000000054930000,0x0000000054a30000)]

Stack: [0x0000000054930000,0x0000000054a30000]
[error occurred during error reporting (printing stack bounds), id 0xc0000005]

Native frames: (J=compiled Java code, j=interpreted, Vv=VM code, C=native code)


Current CompileTask:
C2:  21808  913       4      
[error occurred during error reporting (printing current compile task), id 0xe0000001]


---------------  P R O C E S S  ---------------

Java Threads: ( => current thread )
  0x00000000541e6000 JavaThread "Service Thread" daemon [_thread_blocked, id=3900, stack(0x0000000054af0000,0x0000000054bf0000)]
  0x000000005418b800 JavaThread "C1 CompilerThread2" daemon [_thread_in_native, id=4688, stack(0x00000000547f0000,0x00000000548f0000)]
=>0x0000000054189000 JavaThread "C2 CompilerThread1" daemon [_thread_in_native, id=3720, stack(0x0000000054930000,0x0000000054a30000)]
  0x0000000054187000 JavaThread "C2 CompilerThread0" daemon [_thread_in_vm, id=11924, stack(0x0000000054590000,0x0000000054690000)]
  0x0000000054182800 JavaThread "Attach Listener" daemon [_thread_blocked, id=11888, stack(0x0000000053f70000,0x0000000054070000)]
  0x0000000052db4000 JavaThread "Signal Dispatcher" daemon [_thread_blocked, id=10596, stack(0x00000000546e0000,0x00000000547e0000)]
  0x0000000052d9b800 JavaThread "Finalizer" daemon [_thread_blocked, id=9268, stack(0x0000000054080000,0x0000000054180000)]
  0x0000000052d54800 JavaThread "Reference Handler" daemon [_thread_blocked, id=7008, stack(0x0000000053e30000,0x0000000053f30000)]
  0x000000000224f000 JavaThread "main" [_thread_blocked, id=4484, stack(0x0000000002530000,0x0000000002630000)]

Other Threads:
  0x0000000052d49000 VMThread [stack: 0x0000000053c50000,0x0000000053d50000] [id=11484]
  0x00000000541e8000 WatcherThread [stack: 0x0000000054bf0000,0x0000000054cf0000] [id=8964]

VM state:synchronizing (normal execution)

VM Mutex/Monitor currently owned by a thread:  ([mutex/lock_event])
[0x000000000224cab0] Threads_lock - owner thread: 0x0000000052d49000

Heap:
 PSYoungGen      total 18944K, used 12347K [0x00000000feb00000, 0x0000000100000000, 0x0000000100000000)
  eden space 16384K, 59% used [0x00000000feb00000,0x00000000ff48f248,0x00000000ffb00000)
  from space 2560K, 99% used [0x00000000ffd80000,0x00000000fffffa90,0x0000000100000000)
  to   space 2560K, 0% used [0x00000000ffb00000,0x00000000ffb00000,0x00000000ffd80000)
 ParOldGen       total 44032K, used 5475K [0x00000000fc000000, 0x00000000feb00000, 0x00000000feb00000)
  object space 44032K, 12% used [0x00000000fc000000,0x00000000fc558d50,0x00000000feb00000)
 Metaspace       used 7583K, capacity 7782K, committed 7936K, reserved 1056768K
  class space    used 874K, capacity 957K, committed 1024K, reserved 1048576K

Card table byte_map: [0x0000000000260000,0x0000000000290000] byte_map_base: 0xffffffffffa80000

Marking Bits: (ParMarkBitMap*) 0x00000000667e3950
 Begin Bits: [0x00000000121c0000, 0x00000000122c0000)
 End Bits:   [0x00000000122c0000, 0x00000000123c0000)

Polling page: 0x0000000000230000

CodeCache: size=245760Kb used=3438Kb max_used=3438Kb free=242321Kb
 bounds [0x0000000002900000, 0x0000000002c60000, 0x0000000011900000]
 total_blobs=1255 nmethods=925 adapters=245
 compilation: enabled

Compilation events (10 events):
Event: 21.094 Thread 0x000000005418b800  921       3       com.google.devtools.build.android.desugar.DefaultMethodClassFixer::visitMethod (75 bytes)
Event: 21.097 Thread 0x000000005418b800 nmethod 921 0x0000000002c57a10 code [0x0000000002c57c20, 0x0000000002c58678]
Event: 21.097 Thread 0x000000005418b800  922       3       com.google.devtools.build.android.desugar.Java7Compatibility::visitMethod (134 bytes)
Event: 21.099 Thread 0x000000005418b800 nmethod 922 0x0000000002c58bd0 code [0x0000000002c58e20, 0x0000000002c59e48]
Event: 21.099 Thread 0x000000005418b800  912       3       sun.util.calendar.CalendarDate::setNormalized (6 bytes)
Event: 21.100 Thread 0x000000005418b800 nmethod 912 0x0000000002c53a50 code [0x0000000002c53ba0, 0x0000000002c53cf0]
Event: 21.100 Thread 0x000000005418b800  911       3       sun.util.calendar.BaseCalendar::isLeapYear (5 bytes)
Event: 21.100 Thread 0x000000005418b800 nmethod 911 0x0000000002c5a490 code [0x0000000002c5a600, 0x0000000002c5a8f0]
Event: 21.100 Thread 0x000000005418b800  910       1       sun.util.calendar.CalendarDate::isNormalized (5 bytes)
Event: 21.100 Thread 0x000000005418b800 nmethod 910 0x0000000002c5aa10 code [0x0000000002c5ab60, 0x0000000002c5ac70]

GC Heap History (4 events):
Event: 9.684 GC heap before
{Heap before GC invocations=1 (full 0):
 PSYoungGen      total 18944K, used 16384K [0x00000000feb00000, 0x0000000100000000, 0x0000000100000000)
  eden space 16384K, 100% used [0x00000000feb00000,0x00000000ffb00000,0x00000000ffb00000)
  from space 2560K, 0% used [0x00000000ffd80000,0x00000000ffd80000,0x0000000100000000)
  to   space 2560K, 0% used [0x00000000ffb00000,0x00000000ffb00000,0x00000000ffd80000)
 ParOldGen       total 44032K, used 0K [0x00000000fc000000, 0x00000000feb00000, 0x00000000feb00000)
  object space 44032K, 0% used [0x00000000fc000000,0x00000000fc000000,0x00000000feb00000)
 Metaspace       used 6538K, capacity 6740K, committed 7040K, reserved 1056768K
  class space    used 772K, capacity 824K, committed 896K, reserved 1048576K
Event: 9.724 GC heap after
Heap after GC invocations=1 (full 0):
 PSYoungGen      total 18944K, used 2544K [0x00000000feb00000, 0x0000000100000000, 0x0000000100000000)
  eden space 16384K, 0% used [0x00000000feb00000,0x00000000feb00000,0x00000000ffb00000)
  from space 2560K, 99% used [0x00000000ffb00000,0x00000000ffd7c020,0x00000000ffd80000)
  to   space 2560K, 0% used [0x00000000ffd80000,0x00000000ffd80000,0x0000000100000000)
 ParOldGen       total 44032K, used 1172K [0x00000000fc000000, 0x00000000feb00000, 0x00000000feb00000)
  object space 44032K, 2% used [0x00000000fc000000,0x00000000fc1252d0,0x00000000feb00000)
 Metaspace       used 6538K, capacity 6740K, committed 7040K, reserved 1056768K
  class space    used 772K, capacity 824K, committed 896K, reserved 1048576K
}
Event: 18.320 GC heap before
{Heap before GC invocations=2 (full 0):
 PSYoungGen      total 18944K, used 18928K [0x00000000feb00000, 0x0000000100000000, 0x0000000100000000)
  eden space 16384K, 100% used [0x00000000feb00000,0x00000000ffb00000,0x00000000ffb00000)
  from space 2560K, 99% used [0x00000000ffb00000,0x00000000ffd7c020,0x00000000ffd80000)
  to   space 2560K, 0% used [0x00000000ffd80000,0x00000000ffd80000,0x0000000100000000)
 ParOldGen       total 44032K, used 1172K [0x00000000fc000000, 0x00000000feb00000, 0x00000000feb00000)
  object space 44032K, 2% used [0x00000000fc000000,0x00000000fc1252d0,0x00000000feb00000)
 Metaspace       used 7112K, capacity 7270K, committed 7296K, reserved 1056768K
  class space    used 842K, capacity 893K, committed 896K, reserved 1048576K
Event: 18.347 GC heap after
Heap after GC invocations=2 (full 0):
 PSYoungGen      total 18944K, used 2558K [0x00000000feb00000, 0x0000000100000000, 0x0000000100000000)
  eden space 16384K, 0% used [0x00000000feb00000,0x00000000feb00000,0x00000000ffb00000)
  from space 2560K, 99% used [0x00000000ffd80000,0x00000000fffffa90,0x0000000100000000)
  to   space 2560K, 0% used [0x00000000ffb00000,0x00000000ffb00000,0x00000000ffd80000)
 ParOldGen       total 44032K, used 5475K [0x00000000fc000000, 0x00000000feb00000, 0x00000000feb00000)
  object space 44032K, 12% used [0x00000000fc000000,0x00000000fc558d50,0x00000000feb00000)
 Metaspace       used 7112K, capacity 7270K, committed 7296K, reserved 1056768K
  class space    used 842K, capacity 893K, committed 896K, reserved 1048576K
}

Deoptimization events (10 events):
Event: 9.628 Thread 0x000000000224f000 Uncommon trap: reason=unstable_if action=reinterpret pc=0x0000000002b17ccc method=java.util.zip.ZipCoder.decoder()Ljava/nio/charset/CharsetDecoder; @ 4
Event: 9.652 Thread 0x000000000224f000 Uncommon trap: reason=unstable_if action=reinterpret pc=0x0000000002b0b008 method=java.util.zip.ZipFile$ZipEntryIterator.hasNext()Z @ 25
Event: 9.663 Thread 0x000000000224f000 Uncommon trap: reason=unstable_if action=reinterpret pc=0x0000000002b1a394 method=java.util.zip.ZipCoder.decoder()Ljava/nio/charset/CharsetDecoder; @ 4
Event: 9.762 Thread 0x000000000224f000 Uncommon trap: reason=unstable_if action=reinterpret pc=0x0000000002b1ed14 method=java.util.zip.ZipCoder.decoder()Ljava/nio/charset/CharsetDecoder; @ 4
Event: 9.763 Thread 0x000000000224f000 Uncommon trap: reason=unstable_if action=reinterpret pc=0x0000000002b0efa8 method=java.util.zip.ZipCoder.decoder()Ljava/nio/charset/CharsetDecoder; @ 4
Event: 9.763 Thread 0x000000000224f000 Uncommon trap: reason=unstable_if action=reinterpret pc=0x0000000002b07e7c method=java.util.zip.ZipCoder.decoder()Ljava/nio/charset/CharsetDecoder; @ 4
Event: 16.020 Thread 0x000000000224f000 Uncommon trap: reason=unloaded action=reinterpret pc=0x0000000002b0aab4 method=java.util.zip.ZipEntry.setExtra0([BZ)V @ 37
Event: 20.668 Thread 0x000000000224f000 Uncommon trap: reason=unstable_if action=reinterpret pc=0x0000000002bb2d08 method=java.lang.String.<init>([CII)V @ 18
Event: 21.071 Thread 0x000000000224f000 Uncommon trap: reason=unstable_if action=reinterpret pc=0x0000000002c1acf8 method=org.objectweb.asm.Type.getArgumentsAndReturnSizes(Ljava/lang/String;)I @ 130
Event: 21.079 Thread 0x000000000224f000 Uncommon trap: reason=unstable_if action=reinterpret pc=0x0000000002c455fc method=org.objectweb.asm.MethodWriter.visitVarInsn(II)V @ 130

Classes redefined (0 events):
No events

Internal exceptions (10 events):
Event: 20.507 Thread 0x000000000224f000 Exception <a 'sun/nio/fs/WindowsException'> (0x00000000fecca468) thrown at [D:\src\AOSP-openjdk-cygwin\jdk8u\hotspot\src\share\vm\prims\jni.cpp, line 709]
Event: 20.507 Thread 0x000000000224f000 Exception <a 'sun/nio/fs/WindowsException'> (0x00000000fecca970) thrown at [D:\src\AOSP-openjdk-cygwin\jdk8u\hotspot\src\share\vm\prims\jni.cpp, line 709]
Event: 20.509 Thread 0x000000000224f000 Exception <a 'sun/nio/fs/WindowsException'> (0x00000000feccde18) thrown at [D:\src\AOSP-openjdk-cygwin\jdk8u\hotspot\src\share\vm\prims\jni.cpp, line 709]
Event: 20.509 Thread 0x000000000224f000 Exception <a 'sun/nio/fs/WindowsException'> (0x00000000fecce320) thrown at [D:\src\AOSP-openjdk-cygwin\jdk8u\hotspot\src\share\vm\prims\jni.cpp, line 709]
Event: 20.924 Thread 0x000000000224f000 Exception <a 'sun/nio/fs/WindowsException'> (0x00000000feff6680) thrown at [D:\src\AOSP-openjdk-cygwin\jdk8u\hotspot\src\share\vm\prims\jni.cpp, line 709]
Event: 20.924 Thread 0x000000000224f000 Exception <a 'sun/nio/fs/WindowsException'> (0x00000000feff6b88) thrown at [D:\src\AOSP-openjdk-cygwin\jdk8u\hotspot\src\share\vm\prims\jni.cpp, line 709]
Event: 20.927 Thread 0x000000000224f000 Exception <a 'sun/nio/fs/WindowsException'> (0x00000000feffa030) thrown at [D:\src\AOSP-openjdk-cygwin\jdk8u\hotspot\src\share\vm\prims\jni.cpp, line 709]
Event: 20.927 Thread 0x000000000224f000 Exception <a 'sun/nio/fs/WindowsException'> (0x00000000feffa538) thrown at [D:\src\AOSP-openjdk-cygwin\jdk8u\hotspot\src\share\vm\prims\jni.cpp, line 709]
Event: 21.082 Thread 0x000000000224f000 Exception <a 'sun/nio/fs/WindowsException'> (0x00000000ff16aa00) thrown at [D:\src\AOSP-openjdk-cygwin\jdk8u\hotspot\src\share\vm\prims\jni.cpp, line 709]
Event: 21.082 Thread 0x000000000224f000 Exception <a 'sun/nio/fs/WindowsException'> (0x00000000ff16af08) thrown at [D:\src\AOSP-openjdk-cygwin\jdk8u\hotspot\src\share\vm\prims\jni.cpp, line 709]

Events (10 events):
Event: 20.668 Thread 0x000000000224f000 DEOPT PACKING pc=0x0000000002bb2d08 sp=0x000000000262ed20
Event: 20.668 Thread 0x000000000224f000 DEOPT UNPACKING pc=0x000000000294556a sp=0x000000000262ebe0 mode 2
Event: 20.876 Thread 0x000000000224f000 DEOPT PACKING pc=0x0000000002a696fb sp=0x000000000262f2c0
Event: 20.877 Thread 0x000000000224f000 DEOPT UNPACKING pc=0x00000000029471bf sp=0x000000000262eff0 mode 0
Event: 21.071 Thread 0x000000000224f000 Uncommon trap: trap_request=0xffffff65 fr.pc=0x0000000002c1acf8
Event: 21.071 Thread 0x000000000224f000 DEOPT PACKING pc=0x0000000002c1acf8 sp=0x000000000262ecd0
Event: 21.071 Thread 0x000000000224f000 DEOPT UNPACKING pc=0x000000000294556a sp=0x000000000262ec60 mode 2
Event: 21.079 Thread 0x000000000224f000 Uncommon trap: trap_request=0xffffff65 fr.pc=0x0000000002c455fc
Event: 21.079 Thread 0x000000000224f000 DEOPT PACKING pc=0x0000000002c455fc sp=0x000000000262eed0
Event: 21.079 Thread 0x000000000224f000 DEOPT UNPACKING pc=0x000000000294556a sp=0x000000000262ee18 mode 2


Dynamic libraries:
0x000000013fc00000 - 0x000000013fc31000 	D:\Android Studio\jre\bin\java.exe
0x0000000077080000 - 0x000000007721f000 	C:\Windows\SYSTEM32\ntdll.dll
0x0000000076e60000 - 0x0000000076f7f000 	C:\Windows\system32\kernel32.dll
0x000007fefcfb0000 - 0x000007fefd01a000 	C:\Windows\system32\KERNELBASE.dll
0x000007fefe0e0000 - 0x000007fefe1bb000 	C:\Windows\system32\ADVAPI32.dll
0x000007fefdb60000 - 0x000007fefdbff000 	C:\Windows\system32\msvcrt.dll
0x000007fefd710000 - 0x000007fefd72f000 	C:\Windows\SYSTEM32\sechost.dll
0x000007fefd840000 - 0x000007fefd96d000 	C:\Windows\system32\RPCRT4.dll
0x0000000076f80000 - 0x000000007707a000 	C:\Windows\system32\USER32.dll
0x000007feff2b0000 - 0x000007feff317000 	C:\Windows\system32\GDI32.dll
0x000007fefd110000 - 0x000007fefd11e000 	C:\Windows\system32\LPK.dll
0x000007fefd640000 - 0x000007fefd70b000 	C:\Windows\system32\USP10.dll
0x000007fefb240000 - 0x000007fefb434000 	C:\Windows\WinSxS\amd64_microsoft.windows.common-controls_6595b64144ccf1df_6.0.7601.18837_none_fa3b1e3d17594757\COMCTL32.dll
0x000007fefdd90000 - 0x000007fefde01000 	C:\Windows\system32\SHLWAPI.dll
0x000007feff280000 - 0x000007feff2ae000 	C:\Windows\system32\IMM32.DLL
0x000007fefd730000 - 0x000007fefd839000 	C:\Windows\system32\MSCTF.dll
0x000007fefc9e0000 - 0x000007fefca11000 	C:\Windows\system32\nvinitx.dll
0x000007fefc9d0000 - 0x000007fefc9dc000 	C:\Windows\system32\VERSION.dll
0x000000006f260000 - 0x000000006f266000 	C:\Program Files\NVIDIA Corporation\CoProcManager\detoured.dll
0x000007fef5e80000 - 0x000007fef5eb2000 	C:\Program Files\NVIDIA Corporation\CoProcManager\nvd3d9wrapx.dll
0x000007fefd340000 - 0x000007fefd517000 	C:\Windows\system32\SETUPAPI.dll
0x000007fefcf20000 - 0x000007fefcf56000 	C:\Windows\system32\CFGMGR32.dll
0x000007fefdcb0000 - 0x000007fefdd8a000 	C:\Windows\system32\OLEAUT32.dll
0x000007fefd120000 - 0x000007fefd31d000 	C:\Windows\system32\ole32.dll
0x000007fefd020000 - 0x000007fefd03a000 	C:\Windows\system32\DEVOBJ.dll
0x000007fef5e50000 - 0x000007fef5e72000 	C:\Program Files\NVIDIA Corporation\CoProcManager\nvdxgiwrapx.dll
0x000000006a350000 - 0x000000006a422000 	D:\Android Studio\jre\jre\bin\msvcr100.dll
0x0000000066020000 - 0x000000006685e000 	D:\Android Studio\jre\jre\bin\server\jvm.dll
0x000007fefca70000 - 0x000007fefca79000 	C:\Windows\system32\WSOCK32.dll
0x000007feff320000 - 0x000007feff36d000 	C:\Windows\system32\WS2_32.dll
0x000007fefdca0000 - 0x000007fefdca8000 	C:\Windows\system32\NSI.dll
0x000007fefa650000 - 0x000007fefa68b000 	C:\Windows\system32\WINMM.dll
0x0000000077220000 - 0x0000000077227000 	C:\Windows\system32\PSAPI.DLL
0x000007fefa1f0000 - 0x000007fefa1ff000 	D:\Android Studio\jre\jre\bin\verify.dll
0x000007fef9ea0000 - 0x000007fef9ec9000 	D:\Android Studio\jre\jre\bin\java.dll
0x000007fef9ee0000 - 0x000007fef9ef6000 	D:\Android Studio\jre\jre\bin\zip.dll
0x000007fefe4f0000 - 0x000007feff27b000 	C:\Windows\system32\SHELL32.dll
0x000007fefcd60000 - 0x000007fefcd6f000 	C:\Windows\system32\profapi.dll
0x000007fefc4e0000 - 0x000007fefc4f8000 	C:\Windows\system32\CRYPTSP.dll
0x000007fefbf70000 - 0x000007fefbfb7000 	C:\Windows\system32\rsaenh.dll
0x000007fefcd70000 - 0x000007fefcd8e000 	C:\Windows\system32\USERENV.dll
0x000007fefc8c0000 - 0x000007fefc8cf000 	C:\Windows\system32\CRYPTBASE.dll
0x000007fef9e10000 - 0x000007fef9e2a000 	D:\Android Studio\jre\jre\bin\net.dll
0x000007fefc130000 - 0x000007fefc185000 	C:\Windows\system32\mswsock.dll
0x000007fefc3b0000 - 0x000007fefc3b7000 	C:\Windows\System32\wship6.dll
0x000007fefca40000 - 0x000007fefca67000 	C:\Windows\system32\IPHLPAPI.DLL
0x000007fefca30000 - 0x000007fefca3b000 	C:\Windows\system32\WINNSI.DLL
0x000007fef96a0000 - 0x000007fef96b1000 	C:\Windows\system32\dhcpcsvc6.DLL
0x000007fef9680000 - 0x000007fef9698000 	C:\Windows\system32\dhcpcsvc.DLL
0x000007fef9df0000 - 0x000007fef9e01000 	D:\Android Studio\jre\jre\bin\nio.dll

VM Arguments:
jvm_args: -Djava.awt.headless=true -Xmx64M -Dfile.encoding=windows-1251 -Duser.country=RU -Duser.language=ru -Duser.variant 
java_command: com.google.devtools.build.android.desugar.Desugar @D:\AndroidProjects\russianwives\app\build\intermediates\tmp\desugar_args2841547501561876199
java_class_path (initial): C:\Users\Михаил\AppData\Local\Temp\desugar_deploy.jar1781669346413367377
Launcher Type: SUN_STANDARD

Environment Variables:
JAVA_HOME=C:\Program Files\Java\jdk1.8.0_151
PATH=C:\Program Files (x86)\Common Files\Oracle\Java\javapath;C:\ProgramData\Oracle\Java\javapath;C:\Windows\system32;C:\Windows;C:\Windows\System32\Wbem;C:\Windows\System32\WindowsPowerShell\v1.0\;C:\Program Files (x86)\NVIDIA Corporation\PhysX\Common;C:\Program Files (x86)\Skype\Phone\;C:\Program Files\Microsoft SQL Server\130\Tools\Binn\;C:\Program Files\nodejs\;C:\ProgramData\chocolatey\bin;C:\Users\Михаил\AppData\Roaming\npm;D:\SDKAndroidStudio\platform-tools;D:\Microsoft VS Code\bin;C:\Users\Михаил\AppData\Local\Programs\Python\Python36-32\;C:\Users\Михаил\AppData\Local\Programs\Python\Python36-32\Scripts;
USERNAME=Михаил
OS=Windows_NT
PROCESSOR_IDENTIFIER=Intel64 Family 6 Model 61 Stepping 4, GenuineIntel



---------------  S Y S T E M  ---------------

OS: Windows 7 , 64 bit Build 7601 (6.1.7601.24150)

CPU:total 4 (initial active 4) (2 cores per cpu, 2 threads per core) family 6 model 61 stepping 4, cmov, cx8, fxsr, mmx, sse, sse2, sse3, ssse3, sse4.1, sse4.2, popcnt, clmul, erms, 3dnowpref, lzcnt, ht, tsc, tscinvbit

Memory: 4k page, physical 4112176k(9108k free), swap 16446828k(3992k free)

vm_info: OpenJDK 64-Bit Server VM (25.152-b01) for windows-amd64 JRE (1.8.0_152-release-915-b01), built by "builder" with MS VC++ 10.0 (VS2010)

time: Mon Jun 25 01:12:44 2018
elapsed time: 21 seconds (0d 0h 0m 21s)

