#
# There is insufficient memory for the Java Runtime Environment to continue.
# Native memory allocation (malloc) failed to allocate 74896 bytes for Chunk::new
# Possible reasons:
#   The system is out of physical RAM or swap space
#   In 32 bit mode, the process size limit was hit
# Possible solutions:
#   Reduce memory load on the system
#   Increase physical memory or swap space
#   Check if swap backing store is full
#   Use 64 bit Java on a 64 bit OS
#   Decrease Java heap size (-Xmx/-Xms)
#   Decrease number of Java threads
#   Decrease Java thread stack sizes (-Xss)
#   Set larger code cache with -XX:ReservedCodeCacheSize=
# This output file may be truncated or incomplete.
#
#  Out of Memory Error (allocation.cpp:390), pid=9740, tid=0x0000000000000d74
#
# JRE version: OpenJDK Runtime Environment (8.0_152-b01) (build 1.8.0_152-release-915-b01)
# Java VM: OpenJDK 64-Bit Server VM (25.152-b01 mixed mode windows-amd64 compressed oops)
# Failed to write core dump. Minidumps are not enabled by default on client versions of Windows
#

---------------  T H R E A D  ---------------

Current thread (0x0000000052e36000):  JavaThread "C2 CompilerThread1" daemon [_thread_in_native, id=3444, stack(0x0000000054770000,0x0000000054870000)]

Stack: [0x0000000054770000,0x0000000054870000]
[error occurred during error reporting (printing stack bounds), id 0xc0000005]

Native frames: (J=compiled Java code, j=interpreted, Vv=VM code, C=native code)


Current CompileTask:
C2:  48536 1065       4       org.objectweb.asm.ClassReader::a (162 bytes)


---------------  P R O C E S S  ---------------

Java Threads: ( => current thread )
  0x00000000548e9000 JavaThread "Service Thread" daemon [_thread_blocked, id=8036, stack(0x0000000054670000,0x0000000054770000)]
  0x0000000054895000 JavaThread "C1 CompilerThread2" daemon [_thread_blocked, id=10296, stack(0x0000000054440000,0x0000000054540000)]
=>0x0000000052e36000 JavaThread "C2 CompilerThread1" daemon [_thread_in_native, id=3444, stack(0x0000000054770000,0x0000000054870000)]
  0x0000000052e34000 JavaThread "C2 CompilerThread0" daemon [_thread_in_native, id=12148, stack(0x0000000054560000,0x0000000054660000)]
  0x0000000052e3f000 JavaThread "Attach Listener" daemon [_thread_blocked, id=6620, stack(0x00000000542d0000,0x00000000543d0000)]
  0x0000000052e3d800 JavaThread "Signal Dispatcher" daemon [_thread_blocked, id=528, stack(0x00000000540a0000,0x00000000541a0000)]
  0x0000000052e18000 JavaThread "Finalizer" daemon [_thread_blocked, id=6992, stack(0x0000000053e40000,0x0000000053f40000)]
  0x0000000052dd1000 JavaThread "Reference Handler" daemon [_thread_blocked, id=5524, stack(0x0000000053f90000,0x0000000054090000)]
  0x000000000046f000 JavaThread "main" [_thread_in_vm, id=6348, stack(0x0000000002470000,0x0000000002570000)]

Other Threads:
  0x0000000052dc9800 VMThread [stack: 0x0000000053d10000,0x0000000053e10000] [id=10584]
  0x00000000548eb000 WatcherThread [stack: 0x0000000054da0000,0x0000000054ea0000] [id=8736]

VM state:not at safepoint (normal execution)

VM Mutex/Monitor currently owned by a thread: None

Heap:
 PSYoungGen      total 18944K, used 5865K [0x00000000feb00000, 0x0000000100000000, 0x0000000100000000)
  eden space 16384K, 20% used [0x00000000feb00000,0x00000000fee3bb28,0x00000000ffb00000)
  from space 2560K, 99% used [0x00000000ffb00000,0x00000000ffd7e970,0x00000000ffd80000)
  to   space 2560K, 0% used [0x00000000ffd80000,0x00000000ffd80000,0x0000000100000000)
 ParOldGen       total 44032K, used 6709K [0x00000000fc000000, 0x00000000feb00000, 0x00000000feb00000)
  object space 44032K, 15% used [0x00000000fc000000,0x00000000fc68d588,0x00000000feb00000)
 Metaspace       used 7639K, capacity 7842K, committed 7936K, reserved 1056768K
  class space    used 877K, capacity 957K, committed 1024K, reserved 1048576K

Card table byte_map: [0x0000000000470000,0x00000000004a0000] byte_map_base: 0xffffffffffc90000

Marking Bits: (ParMarkBitMap*) 0x0000000064083950
 Begin Bits: [0x0000000012240000, 0x0000000012340000)
 End Bits:   [0x0000000012340000, 0x0000000012440000)

Polling page: 0x0000000000430000

CodeCache: size=245760Kb used=3909Kb max_used=3911Kb free=241850Kb
 bounds [0x0000000002840000, 0x0000000002c20000, 0x0000000011840000]
 total_blobs=1388 nmethods=1057 adapters=245
 compilation: enabled

Compilation events (10 events):
Event: 48.086 Thread 0x0000000054895000 1069       3       java.util.zip.ZipOutputStream::writeBytes (22 bytes)
Event: 48.087 Thread 0x0000000054895000 nmethod 1069 0x0000000002c10050 code [0x0000000002c101c0, 0x0000000002c10408]
Event: 48.087 Thread 0x0000000054895000 1070       3       java.util.zip.ZipOutputStream::writeByte (25 bytes)
Event: 48.087 Thread 0x0000000054895000 nmethod 1070 0x0000000002c0fbd0 code [0x0000000002c0fd40, 0x0000000002c0ff88]
Event: 48.087 Thread 0x0000000054895000 1071       3       java.util.concurrent.TimeUnit$4::convert (6 bytes)
Event: 48.088 Thread 0x0000000054895000 nmethod 1071 0x0000000002c14b90 code [0x0000000002c14d00, 0x0000000002c14f28]
Event: 48.088 Thread 0x0000000054895000 1072       3       java.util.concurrent.TimeUnit$3::toSeconds (6 bytes)
Event: 48.088 Thread 0x0000000054895000 nmethod 1072 0x0000000002c14850 code [0x0000000002c149a0, 0x0000000002c14b10]
Event: 48.088 Thread 0x0000000054895000 1073       3       java.util.zip.ZipOutputStream::writeExtra (106 bytes)
Event: 48.089 Thread 0x0000000054895000 nmethod 1073 0x0000000002c13650 code [0x0000000002c13840, 0x0000000002c142e8]

GC Heap History (6 events):
Event: 11.804 GC heap before
{Heap before GC invocations=1 (full 0):
 PSYoungGen      total 18944K, used 16384K [0x00000000feb00000, 0x0000000100000000, 0x0000000100000000)
  eden space 16384K, 100% used [0x00000000feb00000,0x00000000ffb00000,0x00000000ffb00000)
  from space 2560K, 0% used [0x00000000ffd80000,0x00000000ffd80000,0x0000000100000000)
  to   space 2560K, 0% used [0x00000000ffb00000,0x00000000ffb00000,0x00000000ffd80000)
 ParOldGen       total 44032K, used 0K [0x00000000fc000000, 0x00000000feb00000, 0x00000000feb00000)
  object space 44032K, 0% used [0x00000000fc000000,0x00000000fc000000,0x00000000feb00000)
 Metaspace       used 6550K, capacity 6736K, committed 7040K, reserved 1056768K
  class space    used 772K, capacity 824K, committed 896K, reserved 1048576K
Event: 11.999 GC heap after
Heap after GC invocations=1 (full 0):
 PSYoungGen      total 18944K, used 2528K [0x00000000feb00000, 0x0000000100000000, 0x0000000100000000)
  eden space 16384K, 0% used [0x00000000feb00000,0x00000000feb00000,0x00000000ffb00000)
  from space 2560K, 98% used [0x00000000ffb00000,0x00000000ffd78030,0x00000000ffd80000)
  to   space 2560K, 0% used [0x00000000ffd80000,0x00000000ffd80000,0x0000000100000000)
 ParOldGen       total 44032K, used 1159K [0x00000000fc000000, 0x00000000feb00000, 0x00000000feb00000)
  object space 44032K, 2% used [0x00000000fc000000,0x00000000fc121e58,0x00000000feb00000)
 Metaspace       used 6550K, capacity 6736K, committed 7040K, reserved 1056768K
  class space    used 772K, capacity 824K, committed 896K, reserved 1048576K
}
Event: 42.480 GC heap before
{Heap before GC invocations=2 (full 0):
 PSYoungGen      total 18944K, used 18912K [0x00000000feb00000, 0x0000000100000000, 0x0000000100000000)
  eden space 16384K, 100% used [0x00000000feb00000,0x00000000ffb00000,0x00000000ffb00000)
  from space 2560K, 98% used [0x00000000ffb00000,0x00000000ffd78030,0x00000000ffd80000)
  to   space 2560K, 0% used [0x00000000ffd80000,0x00000000ffd80000,0x0000000100000000)
 ParOldGen       total 44032K, used 1159K [0x00000000fc000000, 0x00000000feb00000, 0x00000000feb00000)
  object space 44032K, 2% used [0x00000000fc000000,0x00000000fc121e58,0x00000000feb00000)
 Metaspace       used 6896K, capacity 7042K, committed 7296K, reserved 1056768K
  class space    used 815K, capacity 861K, committed 896K, reserved 1048576K
Event: 42.491 GC heap after
Heap after GC invocations=2 (full 0):
 PSYoungGen      total 18944K, used 2554K [0x00000000feb00000, 0x0000000100000000, 0x0000000100000000)
  eden space 16384K, 0% used [0x00000000feb00000,0x00000000feb00000,0x00000000ffb00000)
  from space 2560K, 99% used [0x00000000ffd80000,0x00000000ffffe870,0x0000000100000000)
  to   space 2560K, 0% used [0x00000000ffb00000,0x00000000ffb00000,0x00000000ffd80000)
 ParOldGen       total 44032K, used 5580K [0x00000000fc000000, 0x00000000feb00000, 0x00000000feb00000)
  object space 44032K, 12% used [0x00000000fc000000,0x00000000fc573340,0x00000000feb00000)
 Metaspace       used 6896K, capacity 7042K, committed 7296K, reserved 1056768K
  class space    used 815K, capacity 861K, committed 896K, reserved 1048576K
}
Event: 47.058 GC heap before
{Heap before GC invocations=3 (full 0):
 PSYoungGen      total 18944K, used 18938K [0x00000000feb00000, 0x0000000100000000, 0x0000000100000000)
  eden space 16384K, 100% used [0x00000000feb00000,0x00000000ffb00000,0x00000000ffb00000)
  from space 2560K, 99% used [0x00000000ffd80000,0x00000000ffffe870,0x0000000100000000)
  to   space 2560K, 0% used [0x00000000ffb00000,0x00000000ffb00000,0x00000000ffd80000)
 ParOldGen       total 44032K, used 5580K [0x00000000fc000000, 0x00000000feb00000, 0x00000000feb00000)
  object space 44032K, 12% used [0x00000000fc000000,0x00000000fc573340,0x00000000feb00000)
 Metaspace       used 7628K, capacity 7778K, committed 7936K, reserved 1056768K
  class space    used 877K, capacity 957K, committed 1024K, reserved 1048576K
Event: 47.805 GC heap after
Heap after GC invocations=3 (full 0):
 PSYoungGen      total 18944K, used 2554K [0x00000000feb00000, 0x0000000100000000, 0x0000000100000000)
  eden space 16384K, 0% used [0x00000000feb00000,0x00000000feb00000,0x00000000ffb00000)
  from space 2560K, 99% used [0x00000000ffb00000,0x00000000ffd7e970,0x00000000ffd80000)
  to   space 2560K, 0% used [0x00000000ffd80000,0x00000000ffd80000,0x0000000100000000)
 ParOldGen       total 44032K, used 6709K [0x00000000fc000000, 0x00000000feb00000, 0x00000000feb00000)
  object space 44032K, 15% used [0x00000000fc000000,0x00000000fc68d588,0x00000000feb00000)
 Metaspace       used 7628K, capacity 7778K, committed 7936K, reserved 1056768K
  class space    used 877K, capacity 957K, committed 1024K, reserved 1048576K
}

Deoptimization events (10 events):
Event: 11.783 Thread 0x000000000046f000 Uncommon trap: reason=unstable_if action=reinterpret pc=0x0000000002a744fc method=java.util.zip.ZipCoder.decoder()Ljava/nio/charset/CharsetDecoder; @ 4
Event: 12.074 Thread 0x000000000046f000 Uncommon trap: reason=unstable_if action=reinterpret pc=0x0000000002a7c554 method=java.util.zip.ZipCoder.decoder()Ljava/nio/charset/CharsetDecoder; @ 4
Event: 12.090 Thread 0x000000000046f000 Uncommon trap: reason=unstable_if action=reinterpret pc=0x0000000002a896bc method=java.util.HashMap$HashIterator.nextNode()Ljava/util/HashMap$Node; @ 74
Event: 41.499 Thread 0x000000000046f000 Uncommon trap: reason=unstable_if action=reinterpret pc=0x0000000002a89b7c method=java.util.HashMap$HashIterator.nextNode()Ljava/util/HashMap$Node; @ 74
Event: 41.894 Thread 0x000000000046f000 Uncommon trap: reason=unloaded action=reinterpret pc=0x0000000002a79e34 method=java.util.zip.ZipEntry.setExtra0([BZ)V @ 37
Event: 45.237 Thread 0x000000000046f000 Uncommon trap: reason=unstable_if action=reinterpret pc=0x00000000029d1168 method=java.lang.String.<init>([CII)V @ 18
Event: 46.361 Thread 0x000000000046f000 Uncommon trap: reason=unstable_if action=reinterpret pc=0x0000000002b6a5f0 method=org.objectweb.asm.Item.a(Lorg/objectweb/asm/Item;)Z @ 345
Event: 46.512 Thread 0x000000000046f000 Uncommon trap: reason=unstable_if action=reinterpret pc=0x0000000002b221f8 method=org.objectweb.asm.ClassReader.a(II[C)Ljava/lang/String; @ 77
Event: 46.513 Thread 0x000000000046f000 Uncommon trap: reason=unstable_if action=reinterpret pc=0x0000000002b93950 method=org.objectweb.asm.ByteVector.putUTF8(Ljava/lang/String;)Lorg/objectweb/asm/ByteVector; @ 91
Event: 47.012 Thread 0x000000000046f000 Uncommon trap: reason=null_check action=make_not_entrant pc=0x0000000002c098f8 method=com.google.devtools.build.android.desugar.InterfaceDesugaring$InterfaceInvocationRewriter.visitMethodInsn(ILjava/lang/String;Ljava/lang/String;Ljava/lang/String;Z)V @ 10

Classes redefined (0 events):
No events

Internal exceptions (10 events):
Event: 41.501 Thread 0x000000000046f000 Exception <a 'sun/nio/fs/WindowsException'> (0x00000000ff2961d8) thrown at [D:\src\AOSP-openjdk-cygwin\jdk8u\hotspot\src\share\vm\prims\jni.cpp, line 709]
Event: 42.508 Thread 0x000000000046f000 Exception <a 'sun/nio/fs/WindowsException'> (0x00000000fec80710) thrown at [D:\src\AOSP-openjdk-cygwin\jdk8u\hotspot\src\share\vm\prims\jni.cpp, line 709]
Event: 42.508 Thread 0x000000000046f000 Exception <a 'sun/nio/fs/WindowsException'> (0x00000000fec80c98) thrown at [D:\src\AOSP-openjdk-cygwin\jdk8u\hotspot\src\share\vm\prims\jni.cpp, line 709]
Event: 45.240 Thread 0x000000000046f000 Exception <a 'sun/nio/fs/WindowsException'> (0x00000000fedb59e8) thrown at [D:\src\AOSP-openjdk-cygwin\jdk8u\hotspot\src\share\vm\prims\jni.cpp, line 709]
Event: 45.240 Thread 0x000000000046f000 Exception <a 'sun/nio/fs/WindowsException'> (0x00000000fedb5ef0) thrown at [D:\src\AOSP-openjdk-cygwin\jdk8u\hotspot\src\share\vm\prims\jni.cpp, line 709]
Event: 47.012 Thread 0x000000000046f000 Implicit null exception at 0x0000000002c0953c to 0x0000000002c098cd
Event: 47.872 Thread 0x000000000046f000 Exception <a 'sun/nio/fs/WindowsException'> (0x00000000fec5b7d8) thrown at [D:\src\AOSP-openjdk-cygwin\jdk8u\hotspot\src\share\vm\prims\jni.cpp, line 709]
Event: 47.872 Thread 0x000000000046f000 Exception <a 'sun/nio/fs/WindowsException'> (0x00000000fec5bce0) thrown at [D:\src\AOSP-openjdk-cygwin\jdk8u\hotspot\src\share\vm\prims\jni.cpp, line 709]
Event: 47.887 Thread 0x000000000046f000 Exception <a 'sun/nio/fs/WindowsException'> (0x00000000fec5f190) thrown at [D:\src\AOSP-openjdk-cygwin\jdk8u\hotspot\src\share\vm\prims\jni.cpp, line 709]
Event: 47.887 Thread 0x000000000046f000 Exception <a 'sun/nio/fs/WindowsException'> (0x00000000fec5f698) thrown at [D:\src\AOSP-openjdk-cygwin\jdk8u\hotspot\src\share\vm\prims\jni.cpp, line 709]

Events (10 events):
Event: 47.806 Executing VM operation: ParallelGCFailedAllocation done
Event: 47.882 Executing VM operation: RevokeBias
Event: 47.882 Executing VM operation: RevokeBias done
Event: 47.882 Executing VM operation: RevokeBias
Event: 47.882 Executing VM operation: RevokeBias done
Event: 48.024 Thread 0x0000000052e36000 flushing nmethod 0x000000000294a5d0
Event: 48.024 Thread 0x0000000052e36000 flushing nmethod 0x000000000294a910
Event: 48.024 Thread 0x0000000052e36000 flushing nmethod 0x000000000294add0
Event: 48.024 Thread 0x0000000052e36000 flushing nmethod 0x000000000294b750
Event: 48.024 Thread 0x0000000052e36000 flushing nmethod 0x000000000294bf90


Dynamic libraries:
0x000000013f660000 - 0x000000013f691000 	D:\Android Studio\jre\bin\java.exe
0x0000000077080000 - 0x000000007721f000 	C:\Windows\SYSTEM32\ntdll.dll
0x0000000076e60000 - 0x0000000076f7f000 	C:\Windows\system32\kernel32.dll
0x000007fefcfb0000 - 0x000007fefd01a000 	C:\Windows\system32\KERNELBASE.dll
0x000007fefe0e0000 - 0x000007fefe1bb000 	C:\Windows\system32\ADVAPI32.dll
0x000007fefdb60000 - 0x000007fefdbff000 	C:\Windows\system32\msvcrt.dll
0x000007fefd710000 - 0x000007fefd72f000 	C:\Windows\SYSTEM32\sechost.dll
0x000007fefd840000 - 0x000007fefd96d000 	C:\Windows\system32\RPCRT4.dll
0x0000000076f80000 - 0x000000007707a000 	C:\Windows\system32\USER32.dll
0x000007feff2b0000 - 0x000007feff317000 	C:\Windows\system32\GDI32.dll
0x000007fefd110000 - 0x000007fefd11e000 	C:\Windows\system32\LPK.dll
0x000007fefd640000 - 0x000007fefd70b000 	C:\Windows\system32\USP10.dll
0x000007fefb240000 - 0x000007fefb434000 	C:\Windows\WinSxS\amd64_microsoft.windows.common-controls_6595b64144ccf1df_6.0.7601.18837_none_fa3b1e3d17594757\COMCTL32.dll
0x000007fefdd90000 - 0x000007fefde01000 	C:\Windows\system32\SHLWAPI.dll
0x000007feff280000 - 0x000007feff2ae000 	C:\Windows\system32\IMM32.DLL
0x000007fefd730000 - 0x000007fefd839000 	C:\Windows\system32\MSCTF.dll
0x000007fefc9e0000 - 0x000007fefca11000 	C:\Windows\system32\nvinitx.dll
0x000007fefc9d0000 - 0x000007fefc9dc000 	C:\Windows\system32\VERSION.dll
0x000000006f260000 - 0x000000006f266000 	C:\Program Files\NVIDIA Corporation\CoProcManager\detoured.dll
0x000007fef5e80000 - 0x000007fef5eb2000 	C:\Program Files\NVIDIA Corporation\CoProcManager\nvd3d9wrapx.dll
0x000007fefd340000 - 0x000007fefd517000 	C:\Windows\system32\SETUPAPI.dll
0x000007fefcf20000 - 0x000007fefcf56000 	C:\Windows\system32\CFGMGR32.dll
0x000007fefdcb0000 - 0x000007fefdd8a000 	C:\Windows\system32\OLEAUT32.dll
0x000007fefd120000 - 0x000007fefd31d000 	C:\Windows\system32\ole32.dll
0x000007fefd020000 - 0x000007fefd03a000 	C:\Windows\system32\DEVOBJ.dll
0x000007fef5e50000 - 0x000007fef5e72000 	C:\Program Files\NVIDIA Corporation\CoProcManager\nvdxgiwrapx.dll
0x000000006a350000 - 0x000000006a422000 	D:\Android Studio\jre\jre\bin\msvcr100.dll
0x00000000638c0000 - 0x00000000640fe000 	D:\Android Studio\jre\jre\bin\server\jvm.dll
0x000007fefca70000 - 0x000007fefca79000 	C:\Windows\system32\WSOCK32.dll
0x000007feff320000 - 0x000007feff36d000 	C:\Windows\system32\WS2_32.dll
0x000007fefdca0000 - 0x000007fefdca8000 	C:\Windows\system32\NSI.dll
0x000007fefa650000 - 0x000007fefa68b000 	C:\Windows\system32\WINMM.dll
0x0000000077220000 - 0x0000000077227000 	C:\Windows\system32\PSAPI.DLL
0x000007fefa180000 - 0x000007fefa18f000 	D:\Android Studio\jre\jre\bin\verify.dll
0x000007fef9d90000 - 0x000007fef9db9000 	D:\Android Studio\jre\jre\bin\java.dll
0x000007fef9e10000 - 0x000007fef9e26000 	D:\Android Studio\jre\jre\bin\zip.dll
0x000007fefe4f0000 - 0x000007feff27b000 	C:\Windows\system32\SHELL32.dll
0x000007fefcd60000 - 0x000007fefcd6f000 	C:\Windows\system32\profapi.dll
0x000007fefc4e0000 - 0x000007fefc4f8000 	C:\Windows\system32\CRYPTSP.dll
0x000007fefbf70000 - 0x000007fefbfb7000 	C:\Windows\system32\rsaenh.dll
0x000007fefcd70000 - 0x000007fefcd8e000 	C:\Windows\system32\USERENV.dll
0x000007fefc8c0000 - 0x000007fefc8cf000 	C:\Windows\system32\CRYPTBASE.dll
0x000007fef9ee0000 - 0x000007fef9efa000 	D:\Android Studio\jre\jre\bin\net.dll
0x000007fefc130000 - 0x000007fefc185000 	C:\Windows\system32\mswsock.dll
0x000007fefc3b0000 - 0x000007fefc3b7000 	C:\Windows\System32\wship6.dll
0x000007fefca40000 - 0x000007fefca67000 	C:\Windows\system32\IPHLPAPI.DLL
0x000007fefca30000 - 0x000007fefca3b000 	C:\Windows\system32\WINNSI.DLL
0x000007fef96a0000 - 0x000007fef96b1000 	C:\Windows\system32\dhcpcsvc6.DLL
0x000007fef9680000 - 0x000007fef9698000 	C:\Windows\system32\dhcpcsvc.DLL
0x000007fef9df0000 - 0x000007fef9e01000 	D:\Android Studio\jre\jre\bin\nio.dll

VM Arguments:
jvm_args: -Djava.awt.headless=true -Xmx64M -Dfile.encoding=windows-1251 -Duser.country=RU -Duser.language=ru -Duser.variant 
java_command: com.google.devtools.build.android.desugar.Desugar @D:\AndroidProjects\russianwives\app\build\intermediates\tmp\desugar_args7655582624917701540
java_class_path (initial): C:\Users\Михаил\AppData\Local\Temp\desugar_deploy.jar4244465780162757829
Launcher Type: SUN_STANDARD

Environment Variables:
JAVA_HOME=C:\Program Files\Java\jdk1.8.0_151
PATH=C:\Program Files (x86)\Common Files\Oracle\Java\javapath;C:\ProgramData\Oracle\Java\javapath;C:\Windows\system32;C:\Windows;C:\Windows\System32\Wbem;C:\Windows\System32\WindowsPowerShell\v1.0\;C:\Program Files (x86)\NVIDIA Corporation\PhysX\Common;C:\Program Files (x86)\Skype\Phone\;C:\Program Files\Microsoft SQL Server\130\Tools\Binn\;C:\Program Files\nodejs\;C:\ProgramData\chocolatey\bin;C:\Users\Михаил\AppData\Roaming\npm;D:\SDKAndroidStudio\platform-tools;D:\Microsoft VS Code\bin;C:\Users\Михаил\AppData\Local\Programs\Python\Python36-32\;C:\Users\Михаил\AppData\Local\Programs\Python\Python36-32\Scripts;
USERNAME=Михаил
OS=Windows_NT
PROCESSOR_IDENTIFIER=Intel64 Family 6 Model 61 Stepping 4, GenuineIntel



---------------  S Y S T E M  ---------------

OS: Windows 7 , 64 bit Build 7601 (6.1.7601.24150)

CPU:total 4 (initial active 4) (2 cores per cpu, 2 threads per core) family 6 model 61 stepping 4, cmov, cx8, fxsr, mmx, sse, sse2, sse3, ssse3, sse4.1, sse4.2, popcnt, clmul, erms, 3dnowpref, lzcnt, ht, tsc, tscinvbit

Memory: 4k page, physical 4112176k(13852k free), swap 16446828k(4916k free)

vm_info: OpenJDK 64-Bit Server VM (25.152-b01) for windows-amd64 JRE (1.8.0_152-release-915-b01), built by "builder" with MS VC++ 10.0 (VS2010)

time: Mon Jun 25 22:51:41 2018
elapsed time: 49 seconds (0d 0h 0m 49s)

