#
# There is insufficient memory for the Java Runtime Environment to continue.
# Native memory allocation (malloc) failed to allocate 262160 bytes for Chunk::new
# Possible reasons:
#   The system is out of physical RAM or swap space
#   In 32 bit mode, the process size limit was hit
# Possible solutions:
#   Reduce memory load on the system
#   Increase physical memory or swap space
#   Check if swap backing store is full
#   Use 64 bit Java on a 64 bit OS
#   Decrease Java heap size (-Xmx/-Xms)
#   Decrease number of Java threads
#   Decrease Java thread stack sizes (-Xss)
#   Set larger code cache with -XX:ReservedCodeCacheSize=
# This output file may be truncated or incomplete.
#
#  Out of Memory Error (allocation.cpp:390), pid=6424, tid=0x0000000000002ce0
#
# JRE version: OpenJDK Runtime Environment (8.0_152-b01) (build 1.8.0_152-release-915-b01)
# Java VM: OpenJDK 64-Bit Server VM (25.152-b01 mixed mode windows-amd64 compressed oops)
# Failed to write core dump. Minidumps are not enabled by default on client versions of Windows
#

---------------  T H R E A D  ---------------

Current thread (0x0000000052e64000):  JavaThread "C2 CompilerThread0" daemon [_thread_in_native, id=11488, stack(0x0000000054660000,0x0000000054760000)]

Stack: [0x0000000054660000,0x0000000054760000]
[error occurred during error reporting (printing stack bounds), id 0xc0000005]

Native frames: (J=compiled Java code, j=interpreted, Vv=VM code, C=native code)


Current CompileTask:
C2:  48561  905 %     4       org.objectweb.asm.ClassReader::a @ 700 (3587 bytes)


---------------  P R O C E S S  ---------------

Java Threads: ( => current thread )
  0x00000000547c2000 JavaThread "Service Thread" daemon [_thread_blocked, id=6164, stack(0x0000000054e40000,0x0000000054f40000)]
  0x00000000547b0000 JavaThread "C1 CompilerThread2" daemon [_thread_in_vm, id=8152, stack(0x0000000054c90000,0x0000000054d90000)]
  0x0000000052e66000 JavaThread "C2 CompilerThread1" daemon [_thread_blocked, id=9884, stack(0x00000000542b0000,0x00000000543b0000)]
=>0x0000000052e64000 JavaThread "C2 CompilerThread0" daemon [_thread_in_native, id=11488, stack(0x0000000054660000,0x0000000054760000)]
  0x0000000052e6f000 JavaThread "Attach Listener" daemon [_thread_blocked, id=8828, stack(0x00000000543d0000,0x00000000544d0000)]
  0x0000000052e6d800 JavaThread "Signal Dispatcher" daemon [_thread_blocked, id=6768, stack(0x0000000053dd0000,0x0000000053ed0000)]
  0x0000000052e48000 JavaThread "Finalizer" daemon [_thread_blocked, id=11284, stack(0x00000000541a0000,0x00000000542a0000)]
  0x0000000052e01000 JavaThread "Reference Handler" daemon [_thread_blocked, id=12168, stack(0x0000000054050000,0x0000000054150000)]
  0x00000000002af000 JavaThread "main" [_thread_in_Java, id=12104, stack(0x0000000002590000,0x0000000002690000)]

Other Threads:
  0x0000000052df9800 VMThread [stack: 0x0000000053ed0000,0x0000000053fd0000] [id=11984]
  0x00000000547c4000 WatcherThread [stack: 0x0000000055030000,0x0000000055130000] [id=4216]

VM state:not at safepoint (normal execution)

VM Mutex/Monitor currently owned by a thread: None

Heap:
 PSYoungGen      total 18944K, used 10006K [0x00000000feb00000, 0x0000000100000000, 0x0000000100000000)
  eden space 16384K, 45% used [0x00000000feb00000,0x00000000ff247338,0x00000000ffb00000)
  from space 2560K, 99% used [0x00000000ffd80000,0x00000000ffffe830,0x0000000100000000)
  to   space 2560K, 0% used [0x00000000ffb00000,0x00000000ffb00000,0x00000000ffd80000)
 ParOldGen       total 44032K, used 5756K [0x00000000fc000000, 0x00000000feb00000, 0x00000000feb00000)
  object space 44032K, 13% used [0x00000000fc000000,0x00000000fc59f028,0x00000000feb00000)
 Metaspace       used 7551K, capacity 7714K, committed 7936K, reserved 1056768K
  class space    used 874K, capacity 957K, committed 1024K, reserved 1048576K

Card table byte_map: [0x0000000000270000,0x00000000002a0000] byte_map_base: 0xffffffffffa90000

Marking Bits: (ParMarkBitMap*) 0x0000000064083950
 Begin Bits: [0x0000000012270000, 0x0000000012370000)
 End Bits:   [0x0000000012370000, 0x0000000012470000)

Polling page: 0x0000000000240000

CodeCache: size=245760Kb used=3355Kb max_used=3361Kb free=242405Kb
 bounds [0x0000000002960000, 0x0000000002cb0000, 0x0000000011960000]
 total_blobs=1237 nmethods=907 adapters=245
 compilation: enabled

Compilation events (10 events):
Event: 48.057 Thread 0x00000000547b0000  901       3       com.google.common.collect.ImmutableList::copyOf (61 bytes)
Event: 48.058 Thread 0x00000000547b0000 nmethod 901 0x0000000002ca7790 code [0x0000000002ca79c0, 0x0000000002ca8508]
Event: 48.060 Thread 0x00000000547b0000  902       3       com.google.common.base.Preconditions::checkState (13 bytes)
Event: 48.060 Thread 0x00000000547b0000 nmethod 902 0x0000000002c9ae50 code [0x0000000002c9afc0, 0x0000000002c9b1e8]
Event: 48.063 Thread 0x00000000547b0000  903       3       org.objectweb.asm.AnnotationWriter::a (28 bytes)
Event: 48.063 Thread 0x00000000547b0000 nmethod 903 0x0000000002c9a9d0 code [0x0000000002c9ab40, 0x0000000002c9ad50]
Event: 48.063 Thread 0x00000000547b0000  904       3       org.objectweb.asm.ClassVisitor::<init> (7 bytes)
Event: 48.064 Thread 0x00000000547b0000 nmethod 904 0x0000000002ca7150 code [0x0000000002ca72e0, 0x0000000002ca7628]
Event: 48.554 Thread 0x0000000052e64000  905 %     4       org.objectweb.asm.ClassReader::a @ 700 (3587 bytes)
Event: 48.554 Thread 0x0000000052e66000  906       4       org.objectweb.asm.Item::<init> (66 bytes)

GC Heap History (4 events):
Event: 12.076 GC heap before
{Heap before GC invocations=1 (full 0):
 PSYoungGen      total 18944K, used 16384K [0x00000000feb00000, 0x0000000100000000, 0x0000000100000000)
  eden space 16384K, 100% used [0x00000000feb00000,0x00000000ffb00000,0x00000000ffb00000)
  from space 2560K, 0% used [0x00000000ffd80000,0x00000000ffd80000,0x0000000100000000)
  to   space 2560K, 0% used [0x00000000ffb00000,0x00000000ffb00000,0x00000000ffd80000)
 ParOldGen       total 44032K, used 0K [0x00000000fc000000, 0x00000000feb00000, 0x00000000feb00000)
  object space 44032K, 0% used [0x00000000fc000000,0x00000000fc000000,0x00000000feb00000)
 Metaspace       used 6559K, capacity 6736K, committed 7040K, reserved 1056768K
  class space    used 772K, capacity 824K, committed 896K, reserved 1048576K
Event: 12.093 GC heap after
Heap after GC invocations=1 (full 0):
 PSYoungGen      total 18944K, used 2528K [0x00000000feb00000, 0x0000000100000000, 0x0000000100000000)
  eden space 16384K, 0% used [0x00000000feb00000,0x00000000feb00000,0x00000000ffb00000)
  from space 2560K, 98% used [0x00000000ffb00000,0x00000000ffd78010,0x00000000ffd80000)
  to   space 2560K, 0% used [0x00000000ffd80000,0x00000000ffd80000,0x0000000100000000)
 ParOldGen       total 44032K, used 1347K [0x00000000fc000000, 0x00000000feb00000, 0x00000000feb00000)
  object space 44032K, 3% used [0x00000000fc000000,0x00000000fc150ea0,0x00000000feb00000)
 Metaspace       used 6559K, capacity 6736K, committed 7040K, reserved 1056768K
  class space    used 772K, capacity 824K, committed 896K, reserved 1048576K
}
Event: 42.047 GC heap before
{Heap before GC invocations=2 (full 0):
 PSYoungGen      total 18944K, used 18912K [0x00000000feb00000, 0x0000000100000000, 0x0000000100000000)
  eden space 16384K, 100% used [0x00000000feb00000,0x00000000ffb00000,0x00000000ffb00000)
  from space 2560K, 98% used [0x00000000ffb00000,0x00000000ffd78010,0x00000000ffd80000)
  to   space 2560K, 0% used [0x00000000ffd80000,0x00000000ffd80000,0x0000000100000000)
 ParOldGen       total 44032K, used 1347K [0x00000000fc000000, 0x00000000feb00000, 0x00000000feb00000)
  object space 44032K, 3% used [0x00000000fc000000,0x00000000fc150ea0,0x00000000feb00000)
 Metaspace       used 6881K, capacity 7042K, committed 7296K, reserved 1056768K
  class space    used 813K, capacity 861K, committed 896K, reserved 1048576K
Event: 42.100 GC heap after
Heap after GC invocations=2 (full 0):
 PSYoungGen      total 18944K, used 2554K [0x00000000feb00000, 0x0000000100000000, 0x0000000100000000)
  eden space 16384K, 0% used [0x00000000feb00000,0x00000000feb00000,0x00000000ffb00000)
  from space 2560K, 99% used [0x00000000ffd80000,0x00000000ffffe830,0x0000000100000000)
  to   space 2560K, 0% used [0x00000000ffb00000,0x00000000ffb00000,0x00000000ffd80000)
 ParOldGen       total 44032K, used 5756K [0x00000000fc000000, 0x00000000feb00000, 0x00000000feb00000)
  object space 44032K, 13% used [0x00000000fc000000,0x00000000fc59f028,0x00000000feb00000)
 Metaspace       used 6881K, capacity 7042K, committed 7296K, reserved 1056768K
  class space    used 813K, capacity 861K, committed 896K, reserved 1048576K
}

Deoptimization events (7 events):
Event: 11.865 Thread 0x00000000002af000 Uncommon trap: reason=unstable_if action=reinterpret pc=0x0000000002b01da8 method=java.lang.String.startsWith(Ljava/lang/String;I)Z @ 25
Event: 11.912 Thread 0x00000000002af000 Uncommon trap: reason=unstable_if action=reinterpret pc=0x0000000002b5ba88 method=java.util.zip.ZipEntry.setExtra0([BZ)V @ 1
Event: 11.918 Thread 0x00000000002af000 Uncommon trap: reason=unstable_if action=reinterpret pc=0x0000000002b91328 method=java.util.zip.ZipCoder.decoder()Ljava/nio/charset/CharsetDecoder; @ 4
Event: 41.463 Thread 0x00000000002af000 Uncommon trap: reason=unstable_if action=reinterpret pc=0x0000000002ba023c method=java.util.HashMap$HashIterator.nextNode()Ljava/util/HashMap$Node; @ 74
Event: 41.896 Thread 0x00000000002af000 Uncommon trap: reason=unloaded action=reinterpret pc=0x0000000002b933b4 method=java.util.zip.ZipEntry.setExtra0([BZ)V @ 37
Event: 42.479 Thread 0x00000000002af000 Uncommon trap: reason=unstable_if action=reinterpret pc=0x0000000002b9fd7c method=java.util.HashMap$HashIterator.nextNode()Ljava/util/HashMap$Node; @ 74
Event: 42.965 Thread 0x00000000002af000 Uncommon trap: reason=unstable_if action=reinterpret pc=0x0000000002aeade8 method=java.lang.String.<init>([CII)V @ 18

Classes redefined (0 events):
No events

Internal exceptions (10 events):
Event: 41.459 Thread 0x00000000002af000 Exception <a 'sun/nio/fs/WindowsException'> (0x00000000ff23fe78) thrown at [D:\src\AOSP-openjdk-cygwin\jdk8u\hotspot\src\share\vm\prims\jni.cpp, line 709]
Event: 41.459 Thread 0x00000000002af000 Exception <a 'sun/nio/fs/WindowsException'> (0x00000000ff240458) thrown at [D:\src\AOSP-openjdk-cygwin\jdk8u\hotspot\src\share\vm\prims\jni.cpp, line 709]
Event: 41.459 Thread 0x00000000002af000 Exception <a 'sun/nio/fs/WindowsException'> (0x00000000ff240c28) thrown at [D:\src\AOSP-openjdk-cygwin\jdk8u\hotspot\src\share\vm\prims\jni.cpp, line 709]
Event: 41.459 Thread 0x00000000002af000 Exception <a 'sun/nio/fs/WindowsException'> (0x00000000ff2411e0) thrown at [D:\src\AOSP-openjdk-cygwin\jdk8u\hotspot\src\share\vm\prims\jni.cpp, line 709]
Event: 41.459 Thread 0x00000000002af000 Exception <a 'sun/nio/fs/WindowsException'> (0x00000000ff2419a0) thrown at [D:\src\AOSP-openjdk-cygwin\jdk8u\hotspot\src\share\vm\prims\jni.cpp, line 709]
Event: 41.495 Thread 0x00000000002af000 Exception <a 'sun/nio/fs/WindowsException'> (0x00000000ff246db0) thrown at [D:\src\AOSP-openjdk-cygwin\jdk8u\hotspot\src\share\vm\prims\jni.cpp, line 709]
Event: 42.499 Thread 0x00000000002af000 Exception <a 'sun/nio/fs/WindowsException'> (0x00000000fec30f68) thrown at [D:\src\AOSP-openjdk-cygwin\jdk8u\hotspot\src\share\vm\prims\jni.cpp, line 709]
Event: 42.499 Thread 0x00000000002af000 Exception <a 'sun/nio/fs/WindowsException'> (0x00000000fec314f0) thrown at [D:\src\AOSP-openjdk-cygwin\jdk8u\hotspot\src\share\vm\prims\jni.cpp, line 709]
Event: 46.166 Thread 0x00000000002af000 Exception <a 'sun/nio/fs/WindowsException'> (0x00000000feeaebc8) thrown at [D:\src\AOSP-openjdk-cygwin\jdk8u\hotspot\src\share\vm\prims\jni.cpp, line 709]
Event: 46.166 Thread 0x00000000002af000 Exception <a 'sun/nio/fs/WindowsException'> (0x00000000feeaf0d0) thrown at [D:\src\AOSP-openjdk-cygwin\jdk8u\hotspot\src\share\vm\prims\jni.cpp, line 709]

Events (10 events):
Event: 45.186 loading class java/util/zip/ZipOutputStream$XEntry
Event: 45.186 loading class java/util/zip/ZipOutputStream$XEntry done
Event: 45.187 loading class org/objectweb/asm/tree/TryCatchBlockNode
Event: 45.187 loading class org/objectweb/asm/tree/TryCatchBlockNode done
Event: 45.188 loading class org/objectweb/asm/Handler
Event: 45.188 loading class org/objectweb/asm/Handler done
Event: 45.219 loading class org/objectweb/asm/Opcodes
Event: 45.219 loading class org/objectweb/asm/Opcodes done
Event: 46.163 loading class java/util/Vector$Itr
Event: 46.163 loading class java/util/Vector$Itr done


Dynamic libraries:
0x000000013f660000 - 0x000000013f691000 	D:\Android Studio\jre\bin\java.exe
0x0000000077080000 - 0x000000007721f000 	C:\Windows\SYSTEM32\ntdll.dll
0x0000000076e60000 - 0x0000000076f7f000 	C:\Windows\system32\kernel32.dll
0x000007fefcfb0000 - 0x000007fefd01a000 	C:\Windows\system32\KERNELBASE.dll
0x000007fefe0e0000 - 0x000007fefe1bb000 	C:\Windows\system32\ADVAPI32.dll
0x000007fefdb60000 - 0x000007fefdbff000 	C:\Windows\system32\msvcrt.dll
0x000007fefd710000 - 0x000007fefd72f000 	C:\Windows\SYSTEM32\sechost.dll
0x000007fefd840000 - 0x000007fefd96d000 	C:\Windows\system32\RPCRT4.dll
0x0000000076f80000 - 0x000000007707a000 	C:\Windows\system32\USER32.dll
0x000007feff2b0000 - 0x000007feff317000 	C:\Windows\system32\GDI32.dll
0x000007fefd110000 - 0x000007fefd11e000 	C:\Windows\system32\LPK.dll
0x000007fefd640000 - 0x000007fefd70b000 	C:\Windows\system32\USP10.dll
0x000007fefb240000 - 0x000007fefb434000 	C:\Windows\WinSxS\amd64_microsoft.windows.common-controls_6595b64144ccf1df_6.0.7601.18837_none_fa3b1e3d17594757\COMCTL32.dll
0x000007fefdd90000 - 0x000007fefde01000 	C:\Windows\system32\SHLWAPI.dll
0x000007feff280000 - 0x000007feff2ae000 	C:\Windows\system32\IMM32.DLL
0x000007fefd730000 - 0x000007fefd839000 	C:\Windows\system32\MSCTF.dll
0x000007fefc9e0000 - 0x000007fefca11000 	C:\Windows\system32\nvinitx.dll
0x000007fefc9d0000 - 0x000007fefc9dc000 	C:\Windows\system32\VERSION.dll
0x000000006f260000 - 0x000000006f266000 	C:\Program Files\NVIDIA Corporation\CoProcManager\detoured.dll
0x000007fef5e80000 - 0x000007fef5eb2000 	C:\Program Files\NVIDIA Corporation\CoProcManager\nvd3d9wrapx.dll
0x000007fefd340000 - 0x000007fefd517000 	C:\Windows\system32\SETUPAPI.dll
0x000007fefcf20000 - 0x000007fefcf56000 	C:\Windows\system32\CFGMGR32.dll
0x000007fefdcb0000 - 0x000007fefdd8a000 	C:\Windows\system32\OLEAUT32.dll
0x000007fefd120000 - 0x000007fefd31d000 	C:\Windows\system32\ole32.dll
0x000007fefd020000 - 0x000007fefd03a000 	C:\Windows\system32\DEVOBJ.dll
0x000007fef5e50000 - 0x000007fef5e72000 	C:\Program Files\NVIDIA Corporation\CoProcManager\nvdxgiwrapx.dll
0x000000006a350000 - 0x000000006a422000 	D:\Android Studio\jre\jre\bin\msvcr100.dll
0x00000000638c0000 - 0x00000000640fe000 	D:\Android Studio\jre\jre\bin\server\jvm.dll
0x000007fefca70000 - 0x000007fefca79000 	C:\Windows\system32\WSOCK32.dll
0x000007feff320000 - 0x000007feff36d000 	C:\Windows\system32\WS2_32.dll
0x000007fefdca0000 - 0x000007fefdca8000 	C:\Windows\system32\NSI.dll
0x000007fefa650000 - 0x000007fefa68b000 	C:\Windows\system32\WINMM.dll
0x0000000077220000 - 0x0000000077227000 	C:\Windows\system32\PSAPI.DLL
0x000007fefa180000 - 0x000007fefa18f000 	D:\Android Studio\jre\jre\bin\verify.dll
0x000007fef9d90000 - 0x000007fef9db9000 	D:\Android Studio\jre\jre\bin\java.dll
0x000007fef9e10000 - 0x000007fef9e26000 	D:\Android Studio\jre\jre\bin\zip.dll
0x000007fefe4f0000 - 0x000007feff27b000 	C:\Windows\system32\SHELL32.dll
0x000007fefcd60000 - 0x000007fefcd6f000 	C:\Windows\system32\profapi.dll
0x000007fefc4e0000 - 0x000007fefc4f8000 	C:\Windows\system32\CRYPTSP.dll
0x000007fefbf70000 - 0x000007fefbfb7000 	C:\Windows\system32\rsaenh.dll
0x000007fefcd70000 - 0x000007fefcd8e000 	C:\Windows\system32\USERENV.dll
0x000007fefc8c0000 - 0x000007fefc8cf000 	C:\Windows\system32\CRYPTBASE.dll
0x000007fef9ee0000 - 0x000007fef9efa000 	D:\Android Studio\jre\jre\bin\net.dll
0x000007fefc130000 - 0x000007fefc185000 	C:\Windows\system32\mswsock.dll
0x000007fefc3b0000 - 0x000007fefc3b7000 	C:\Windows\System32\wship6.dll
0x000007fefca40000 - 0x000007fefca67000 	C:\Windows\system32\IPHLPAPI.DLL
0x000007fefca30000 - 0x000007fefca3b000 	C:\Windows\system32\WINNSI.DLL
0x000007fef96a0000 - 0x000007fef96b1000 	C:\Windows\system32\dhcpcsvc6.DLL
0x000007fef9680000 - 0x000007fef9698000 	C:\Windows\system32\dhcpcsvc.DLL
0x000007fef9df0000 - 0x000007fef9e01000 	D:\Android Studio\jre\jre\bin\nio.dll

VM Arguments:
jvm_args: -Djava.awt.headless=true -Xmx64M -Dfile.encoding=windows-1251 -Duser.country=RU -Duser.language=ru -Duser.variant 
java_command: com.google.devtools.build.android.desugar.Desugar @D:\AndroidProjects\russianwives\app\build\intermediates\tmp\desugar_args7068945964029971093
java_class_path (initial): C:\Users\Михаил\AppData\Local\Temp\desugar_deploy.jar4244465780162757829
Launcher Type: SUN_STANDARD

Environment Variables:
JAVA_HOME=C:\Program Files\Java\jdk1.8.0_151
PATH=C:\Program Files (x86)\Common Files\Oracle\Java\javapath;C:\ProgramData\Oracle\Java\javapath;C:\Windows\system32;C:\Windows;C:\Windows\System32\Wbem;C:\Windows\System32\WindowsPowerShell\v1.0\;C:\Program Files (x86)\NVIDIA Corporation\PhysX\Common;C:\Program Files (x86)\Skype\Phone\;C:\Program Files\Microsoft SQL Server\130\Tools\Binn\;C:\Program Files\nodejs\;C:\ProgramData\chocolatey\bin;C:\Users\Михаил\AppData\Roaming\npm;D:\SDKAndroidStudio\platform-tools;D:\Microsoft VS Code\bin;C:\Users\Михаил\AppData\Local\Programs\Python\Python36-32\;C:\Users\Михаил\AppData\Local\Programs\Python\Python36-32\Scripts;
USERNAME=Михаил
OS=Windows_NT
PROCESSOR_IDENTIFIER=Intel64 Family 6 Model 61 Stepping 4, GenuineIntel



---------------  S Y S T E M  ---------------

OS: Windows 7 , 64 bit Build 7601 (6.1.7601.24150)

CPU:total 4 (initial active 4) (2 cores per cpu, 2 threads per core) family 6 model 61 stepping 4, cmov, cx8, fxsr, mmx, sse, sse2, sse3, ssse3, sse4.1, sse4.2, popcnt, clmul, erms, 3dnowpref, lzcnt, ht, tsc, tscinvbit

Memory: 4k page, physical 4112176k(13840k free), swap 16446828k(4904k free)

vm_info: OpenJDK 64-Bit Server VM (25.152-b01) for windows-amd64 JRE (1.8.0_152-release-915-b01), built by "builder" with MS VC++ 10.0 (VS2010)

time: Mon Jun 25 22:51:41 2018
elapsed time: 49 seconds (0d 0h 0m 49s)

