#
# There is insufficient memory for the Java Runtime Environment to continue.
# Native memory allocation (malloc) failed to allocate 32744 bytes for ChunkPool::allocate
# Possible reasons:
#   The system is out of physical RAM or swap space
#   In 32 bit mode, the process size limit was hit
# Possible solutions:
#   Reduce memory load on the system
#   Increase physical memory or swap space
#   Check if swap backing store is full
#   Use 64 bit Java on a 64 bit OS
#   Decrease Java heap size (-Xmx/-Xms)
#   Decrease number of Java threads
#   Decrease Java thread stack sizes (-Xss)
#   Set larger code cache with -XX:ReservedCodeCacheSize=
# This output file may be truncated or incomplete.
#
#  Out of Memory Error (allocation.cpp:273), pid=7440, tid=0x000000000000042c
#
# JRE version: OpenJDK Runtime Environment (8.0_152-b01) (build 1.8.0_152-release-915-b01)
# Java VM: OpenJDK 64-Bit Server VM (25.152-b01 mixed mode windows-amd64 compressed oops)
# Failed to write core dump. Minidumps are not enabled by default on client versions of Windows
#

---------------  T H R E A D  ---------------

Current thread (0x00000000530f0800):  JavaThread "C2 CompilerThread0" daemon [_thread_in_native, id=1068, stack(0x0000000054710000,0x0000000054810000)]

Stack: [0x0000000054710000,0x0000000054810000]
[error occurred during error reporting (printing stack bounds), id 0xc0000005]

Native frames: (J=compiled Java code, j=interpreted, Vv=VM code, C=native code)


Current CompileTask:
C2:  34054  875 %     4       org.objectweb.asm.ClassReader::a @ 1480 (3587 bytes)


---------------  P R O C E S S  ---------------

Java Threads: ( => current thread )
  0x000000005484f000 JavaThread "Service Thread" daemon [_thread_blocked, id=11400, stack(0x0000000054d80000,0x0000000054e80000)]
  0x00000000530f5000 JavaThread "C1 CompilerThread2" daemon [_thread_in_native, id=11260, stack(0x0000000054c50000,0x0000000054d50000)]
  0x00000000530f4000 JavaThread "C2 CompilerThread1" daemon [_thread_in_native, id=10944, stack(0x00000000545d0000,0x00000000546d0000)]
=>0x00000000530f0800 JavaThread "C2 CompilerThread0" daemon [_thread_in_native, id=1068, stack(0x0000000054710000,0x0000000054810000)]
  0x00000000530ff000 JavaThread "Attach Listener" daemon [_thread_blocked, id=10596, stack(0x0000000054450000,0x0000000054550000)]
  0x00000000530fd800 JavaThread "Signal Dispatcher" daemon [_thread_blocked, id=6024, stack(0x0000000054100000,0x0000000054200000)]
  0x00000000530d8000 JavaThread "Finalizer" daemon [_thread_blocked, id=12284, stack(0x0000000054290000,0x0000000054390000)]
  0x0000000053091000 JavaThread "Reference Handler" daemon [_thread_blocked, id=8256, stack(0x0000000054000000,0x0000000054100000)]
  0x000000000016f000 JavaThread "main" [_thread_in_native, id=9544, stack(0x0000000002670000,0x0000000002770000)]

Other Threads:
  0x0000000053089000 VMThread [stack: 0x0000000053e70000,0x0000000053f70000] [id=8936]
  0x0000000054851000 WatcherThread [stack: 0x0000000054ef0000,0x0000000054ff0000] [id=11864]

VM state:not at safepoint (normal execution)

VM Mutex/Monitor currently owned by a thread: None

Heap:
 PSYoungGen      total 18944K, used 7957K [0x00000000feb00000, 0x0000000100000000, 0x0000000100000000)
  eden space 16384K, 32% used [0x00000000feb00000,0x00000000ff045d18,0x00000000ffb00000)
  from space 2560K, 99% used [0x00000000ffd80000,0x00000000fffffa68,0x0000000100000000)
  to   space 2560K, 0% used [0x00000000ffb00000,0x00000000ffb00000,0x00000000ffd80000)
 ParOldGen       total 44032K, used 5550K [0x00000000fc000000, 0x00000000feb00000, 0x00000000feb00000)
  object space 44032K, 12% used [0x00000000fc000000,0x00000000fc56b838,0x00000000feb00000)
 Metaspace       used 7518K, capacity 7714K, committed 7936K, reserved 1056768K
  class space    used 872K, capacity 957K, committed 1024K, reserved 1048576K

Card table byte_map: [0x0000000000170000,0x00000000001a0000] byte_map_base: 0xffffffffff990000

Marking Bits: (ParMarkBitMap*) 0x00000000667e3950
 Begin Bits: [0x0000000012500000, 0x0000000012600000)
 End Bits:   [0x0000000012600000, 0x0000000012700000)

Polling page: 0x0000000000130000

CodeCache: size=245760Kb used=3313Kb max_used=3313Kb free=242446Kb
 bounds [0x0000000002a40000, 0x0000000002d80000, 0x0000000011a40000]
 total_blobs=1216 nmethods=886 adapters=245
 compilation: enabled

Compilation events (10 events):
Event: 32.633 Thread 0x00000000530f5000  872       3       org.objectweb.asm.tree.FrameNode::accept (173 bytes)
Event: 32.634 Thread 0x00000000530f5000 nmethod 872 0x0000000002d6d490 code [0x0000000002d6d6e0, 0x0000000002d6e128]
Event: 33.349 Thread 0x00000000530f5000  876       3       org.objectweb.asm.MethodVisitor::visitCode (15 bytes)
Event: 33.349 Thread 0x00000000530f5000 nmethod 876 0x0000000002d6d010 code [0x0000000002d6d180, 0x0000000002d6d3c8]
Event: 33.349 Thread 0x00000000530f5000  877       3       org.objectweb.asm.MethodVisitor::visitMaxs (17 bytes)
Event: 33.350 Thread 0x00000000530f5000 nmethod 877 0x0000000002d6cb90 code [0x0000000002d6cd00, 0x0000000002d6cf48]
Event: 33.350 Thread 0x00000000530f5000  878       3       java.lang.Integer::<init> (10 bytes)
Event: 33.350 Thread 0x00000000530f5000 nmethod 878 0x0000000002d6c750 code [0x0000000002d6c8c0, 0x0000000002d6cad0]
Event: 33.350 Thread 0x00000000530f5000  879   !   3       java.util.zip.ZipFile$ZipFileInputStream::read (131 bytes)
Event: 33.351 Thread 0x00000000530f5000 nmethod 879 0x0000000002d78090 code [0x0000000002d78260, 0x0000000002d78ae8]

GC Heap History (4 events):
Event: 10.437 GC heap before
{Heap before GC invocations=1 (full 0):
 PSYoungGen      total 18944K, used 16384K [0x00000000feb00000, 0x0000000100000000, 0x0000000100000000)
  eden space 16384K, 100% used [0x00000000feb00000,0x00000000ffb00000,0x00000000ffb00000)
  from space 2560K, 0% used [0x00000000ffd80000,0x00000000ffd80000,0x0000000100000000)
  to   space 2560K, 0% used [0x00000000ffb00000,0x00000000ffb00000,0x00000000ffd80000)
 ParOldGen       total 44032K, used 0K [0x00000000fc000000, 0x00000000feb00000, 0x00000000feb00000)
  object space 44032K, 0% used [0x00000000fc000000,0x00000000fc000000,0x00000000feb00000)
 Metaspace       used 6551K, capacity 6672K, committed 6784K, reserved 1056768K
  class space    used 772K, capacity 824K, committed 896K, reserved 1048576K
Event: 10.506 GC heap after
Heap after GC invocations=1 (full 0):
 PSYoungGen      total 18944K, used 2528K [0x00000000feb00000, 0x0000000100000000, 0x0000000100000000)
  eden space 16384K, 0% used [0x00000000feb00000,0x00000000feb00000,0x00000000ffb00000)
  from space 2560K, 98% used [0x00000000ffb00000,0x00000000ffd78030,0x00000000ffd80000)
  to   space 2560K, 0% used [0x00000000ffd80000,0x00000000ffd80000,0x0000000100000000)
 ParOldGen       total 44032K, used 1297K [0x00000000fc000000, 0x00000000feb00000, 0x00000000feb00000)
  object space 44032K, 2% used [0x00000000fc000000,0x00000000fc1445a0,0x00000000feb00000)
 Metaspace       used 6551K, capacity 6672K, committed 6784K, reserved 1056768K
  class space    used 772K, capacity 824K, committed 896K, reserved 1048576K
}
Event: 31.316 GC heap before
{Heap before GC invocations=2 (full 0):
 PSYoungGen      total 18944K, used 18912K [0x00000000feb00000, 0x0000000100000000, 0x0000000100000000)
  eden space 16384K, 100% used [0x00000000feb00000,0x00000000ffb00000,0x00000000ffb00000)
  from space 2560K, 98% used [0x00000000ffb00000,0x00000000ffd78030,0x00000000ffd80000)
  to   space 2560K, 0% used [0x00000000ffd80000,0x00000000ffd80000,0x0000000100000000)
 ParOldGen       total 44032K, used 1297K [0x00000000fc000000, 0x00000000feb00000, 0x00000000feb00000)
  object space 44032K, 2% used [0x00000000fc000000,0x00000000fc1445a0,0x00000000feb00000)
 Metaspace       used 7241K, capacity 7362K, committed 7680K, reserved 1056768K
  class space    used 853K, capacity 925K, committed 1024K, reserved 1048576K
Event: 31.332 GC heap after
Heap after GC invocations=2 (full 0):
 PSYoungGen      total 18944K, used 2558K [0x00000000feb00000, 0x0000000100000000, 0x0000000100000000)
  eden space 16384K, 0% used [0x00000000feb00000,0x00000000feb00000,0x00000000ffb00000)
  from space 2560K, 99% used [0x00000000ffd80000,0x00000000fffffa68,0x0000000100000000)
  to   space 2560K, 0% used [0x00000000ffb00000,0x00000000ffb00000,0x00000000ffd80000)
 ParOldGen       total 44032K, used 5550K [0x00000000fc000000, 0x00000000feb00000, 0x00000000feb00000)
  object space 44032K, 12% used [0x00000000fc000000,0x00000000fc56b838,0x00000000feb00000)
 Metaspace       used 7241K, capacity 7362K, committed 7680K, reserved 1056768K
  class space    used 853K, capacity 925K, committed 1024K, reserved 1048576K
}

Deoptimization events (5 events):
Event: 10.379 Thread 0x000000000016f000 Uncommon trap: reason=unstable_if action=reinterpret pc=0x0000000002be9968 method=java.lang.String.startsWith(Ljava/lang/String;I)Z @ 25
Event: 10.573 Thread 0x000000000016f000 Uncommon trap: reason=unstable_if action=reinterpret pc=0x0000000002c77c3c method=java.util.HashMap$HashIterator.nextNode()Ljava/util/HashMap$Node; @ 74
Event: 10.648 Thread 0x000000000016f000 Uncommon trap: reason=unstable_if action=reinterpret pc=0x0000000002c6c75c method=java.util.zip.ZipFile.getZipEntry(Ljava/lang/String;J)Ljava/util/zip/ZipEntry; @ 19
Event: 30.888 Thread 0x000000000016f000 Uncommon trap: reason=unloaded action=reinterpret pc=0x0000000002c6a474 method=java.util.zip.ZipEntry.setExtra0([BZ)V @ 37
Event: 30.943 Thread 0x000000000016f000 Uncommon trap: reason=unstable_if action=reinterpret pc=0x0000000002c79dfc method=java.util.HashMap$HashIterator.nextNode()Ljava/util/HashMap$Node; @ 74

Classes redefined (0 events):
No events

Internal exceptions (10 events):
Event: 9.819 Thread 0x000000000016f000 Exception <a 'sun/nio/fs/WindowsException'> (0x00000000ff2dbac8) thrown at [D:\src\AOSP-openjdk-cygwin\jdk8u\hotspot\src\share\vm\prims\jni.cpp, line 709]
Event: 30.086 Thread 0x000000000016f000 Exception <a 'sun/nio/fs/WindowsException'> (0x00000000ff230220) thrown at [D:\src\AOSP-openjdk-cygwin\jdk8u\hotspot\src\share\vm\prims\jni.cpp, line 709]
Event: 30.087 Thread 0x000000000016f000 Exception <a 'sun/nio/fs/WindowsException'> (0x00000000ff2307f0) thrown at [D:\src\AOSP-openjdk-cygwin\jdk8u\hotspot\src\share\vm\prims\jni.cpp, line 709]
Event: 30.087 Thread 0x000000000016f000 Exception <a 'sun/nio/fs/WindowsException'> (0x00000000ff230dc8) thrown at [D:\src\AOSP-openjdk-cygwin\jdk8u\hotspot\src\share\vm\prims\jni.cpp, line 709]
Event: 30.087 Thread 0x000000000016f000 Exception <a 'sun/nio/fs/WindowsException'> (0x00000000ff231598) thrown at [D:\src\AOSP-openjdk-cygwin\jdk8u\hotspot\src\share\vm\prims\jni.cpp, line 709]
Event: 30.087 Thread 0x000000000016f000 Exception <a 'sun/nio/fs/WindowsException'> (0x00000000ff231b48) thrown at [D:\src\AOSP-openjdk-cygwin\jdk8u\hotspot\src\share\vm\prims\jni.cpp, line 709]
Event: 30.087 Thread 0x000000000016f000 Exception <a 'sun/nio/fs/WindowsException'> (0x00000000ff2322f8) thrown at [D:\src\AOSP-openjdk-cygwin\jdk8u\hotspot\src\share\vm\prims\jni.cpp, line 709]
Event: 30.130 Thread 0x000000000016f000 Exception <a 'sun/nio/fs/WindowsException'> (0x00000000ff2376d0) thrown at [D:\src\AOSP-openjdk-cygwin\jdk8u\hotspot\src\share\vm\prims\jni.cpp, line 709]
Event: 30.952 Thread 0x000000000016f000 Exception <a 'sun/nio/fs/WindowsException'> (0x00000000ffa0b758) thrown at [D:\src\AOSP-openjdk-cygwin\jdk8u\hotspot\src\share\vm\prims\jni.cpp, line 709]
Event: 30.952 Thread 0x000000000016f000 Exception <a 'sun/nio/fs/WindowsException'> (0x00000000ffa0bce0) thrown at [D:\src\AOSP-openjdk-cygwin\jdk8u\hotspot\src\share\vm\prims\jni.cpp, line 709]

Events (10 events):
Event: 31.396 loading class sun/util/calendar/CalendarUtils
Event: 31.396 loading class sun/util/calendar/CalendarUtils done
Event: 31.396 loading class java/util/zip/ZipOutputStream$XEntry
Event: 31.396 loading class java/util/zip/ZipOutputStream$XEntry done
Event: 31.400 loading class org/objectweb/asm/Opcodes
Event: 31.400 loading class org/objectweb/asm/Opcodes done
Event: 31.557 loading class org/objectweb/asm/tree/TryCatchBlockNode
Event: 31.557 loading class org/objectweb/asm/tree/TryCatchBlockNode done
Event: 31.558 loading class org/objectweb/asm/Handler
Event: 31.558 loading class org/objectweb/asm/Handler done


Dynamic libraries:
0x000000013fc00000 - 0x000000013fc31000 	D:\Android Studio\jre\bin\java.exe
0x0000000077080000 - 0x000000007721f000 	C:\Windows\SYSTEM32\ntdll.dll
0x0000000076e60000 - 0x0000000076f7f000 	C:\Windows\system32\kernel32.dll
0x000007fefcfb0000 - 0x000007fefd01a000 	C:\Windows\system32\KERNELBASE.dll
0x000007fefe0e0000 - 0x000007fefe1bb000 	C:\Windows\system32\ADVAPI32.dll
0x000007fefdb60000 - 0x000007fefdbff000 	C:\Windows\system32\msvcrt.dll
0x000007fefd710000 - 0x000007fefd72f000 	C:\Windows\SYSTEM32\sechost.dll
0x000007fefd840000 - 0x000007fefd96d000 	C:\Windows\system32\RPCRT4.dll
0x0000000076f80000 - 0x000000007707a000 	C:\Windows\system32\USER32.dll
0x000007feff2b0000 - 0x000007feff317000 	C:\Windows\system32\GDI32.dll
0x000007fefd110000 - 0x000007fefd11e000 	C:\Windows\system32\LPK.dll
0x000007fefd640000 - 0x000007fefd70b000 	C:\Windows\system32\USP10.dll
0x000007fefb240000 - 0x000007fefb434000 	C:\Windows\WinSxS\amd64_microsoft.windows.common-controls_6595b64144ccf1df_6.0.7601.18837_none_fa3b1e3d17594757\COMCTL32.dll
0x000007fefdd90000 - 0x000007fefde01000 	C:\Windows\system32\SHLWAPI.dll
0x000007feff280000 - 0x000007feff2ae000 	C:\Windows\system32\IMM32.DLL
0x000007fefd730000 - 0x000007fefd839000 	C:\Windows\system32\MSCTF.dll
0x000007fefc9e0000 - 0x000007fefca11000 	C:\Windows\system32\nvinitx.dll
0x000007fefc9d0000 - 0x000007fefc9dc000 	C:\Windows\system32\VERSION.dll
0x000000006f260000 - 0x000000006f266000 	C:\Program Files\NVIDIA Corporation\CoProcManager\detoured.dll
0x000007fef5e80000 - 0x000007fef5eb2000 	C:\Program Files\NVIDIA Corporation\CoProcManager\nvd3d9wrapx.dll
0x000007fefd340000 - 0x000007fefd517000 	C:\Windows\system32\SETUPAPI.dll
0x000007fefcf20000 - 0x000007fefcf56000 	C:\Windows\system32\CFGMGR32.dll
0x000007fefdcb0000 - 0x000007fefdd8a000 	C:\Windows\system32\OLEAUT32.dll
0x000007fefd120000 - 0x000007fefd31d000 	C:\Windows\system32\ole32.dll
0x000007fefd020000 - 0x000007fefd03a000 	C:\Windows\system32\DEVOBJ.dll
0x000007fef5e50000 - 0x000007fef5e72000 	C:\Program Files\NVIDIA Corporation\CoProcManager\nvdxgiwrapx.dll
0x000000006a350000 - 0x000000006a422000 	D:\Android Studio\jre\jre\bin\msvcr100.dll
0x0000000066020000 - 0x000000006685e000 	D:\Android Studio\jre\jre\bin\server\jvm.dll
0x000007fefca70000 - 0x000007fefca79000 	C:\Windows\system32\WSOCK32.dll
0x000007feff320000 - 0x000007feff36d000 	C:\Windows\system32\WS2_32.dll
0x000007fefdca0000 - 0x000007fefdca8000 	C:\Windows\system32\NSI.dll
0x000007fefa650000 - 0x000007fefa68b000 	C:\Windows\system32\WINMM.dll
0x0000000077220000 - 0x0000000077227000 	C:\Windows\system32\PSAPI.DLL
0x000007fefa1f0000 - 0x000007fefa1ff000 	D:\Android Studio\jre\jre\bin\verify.dll
0x000007fef9ea0000 - 0x000007fef9ec9000 	D:\Android Studio\jre\jre\bin\java.dll
0x000007fef9ee0000 - 0x000007fef9ef6000 	D:\Android Studio\jre\jre\bin\zip.dll
0x000007fefe4f0000 - 0x000007feff27b000 	C:\Windows\system32\SHELL32.dll
0x000007fefcd60000 - 0x000007fefcd6f000 	C:\Windows\system32\profapi.dll
0x000007fefc4e0000 - 0x000007fefc4f8000 	C:\Windows\system32\CRYPTSP.dll
0x000007fefbf70000 - 0x000007fefbfb7000 	C:\Windows\system32\rsaenh.dll
0x000007fefcd70000 - 0x000007fefcd8e000 	C:\Windows\system32\USERENV.dll
0x000007fefc8c0000 - 0x000007fefc8cf000 	C:\Windows\system32\CRYPTBASE.dll
0x000007fef9e10000 - 0x000007fef9e2a000 	D:\Android Studio\jre\jre\bin\net.dll
0x000007fefc130000 - 0x000007fefc185000 	C:\Windows\system32\mswsock.dll
0x000007fefc3b0000 - 0x000007fefc3b7000 	C:\Windows\System32\wship6.dll
0x000007fefca40000 - 0x000007fefca67000 	C:\Windows\system32\IPHLPAPI.DLL
0x000007fefca30000 - 0x000007fefca3b000 	C:\Windows\system32\WINNSI.DLL
0x000007fef96a0000 - 0x000007fef96b1000 	C:\Windows\system32\dhcpcsvc6.DLL
0x000007fef9680000 - 0x000007fef9698000 	C:\Windows\system32\dhcpcsvc.DLL
0x000007fef9df0000 - 0x000007fef9e01000 	D:\Android Studio\jre\jre\bin\nio.dll

VM Arguments:
jvm_args: -Djava.awt.headless=true -Xmx64M -Dfile.encoding=windows-1251 -Duser.country=RU -Duser.language=ru -Duser.variant 
java_command: com.google.devtools.build.android.desugar.Desugar @D:\AndroidProjects\russianwives\app\build\intermediates\tmp\desugar_args9200605352945616031
java_class_path (initial): C:\Users\Михаил\AppData\Local\Temp\desugar_deploy.jar1781669346413367377
Launcher Type: SUN_STANDARD

Environment Variables:
JAVA_HOME=C:\Program Files\Java\jdk1.8.0_151
PATH=C:\Program Files (x86)\Common Files\Oracle\Java\javapath;C:\ProgramData\Oracle\Java\javapath;C:\Windows\system32;C:\Windows;C:\Windows\System32\Wbem;C:\Windows\System32\WindowsPowerShell\v1.0\;C:\Program Files (x86)\NVIDIA Corporation\PhysX\Common;C:\Program Files (x86)\Skype\Phone\;C:\Program Files\Microsoft SQL Server\130\Tools\Binn\;C:\Program Files\nodejs\;C:\ProgramData\chocolatey\bin;C:\Users\Михаил\AppData\Roaming\npm;D:\SDKAndroidStudio\platform-tools;D:\Microsoft VS Code\bin;C:\Users\Михаил\AppData\Local\Programs\Python\Python36-32\;C:\Users\Михаил\AppData\Local\Programs\Python\Python36-32\Scripts;
USERNAME=Михаил
OS=Windows_NT
PROCESSOR_IDENTIFIER=Intel64 Family 6 Model 61 Stepping 4, GenuineIntel



---------------  S Y S T E M  ---------------

OS: Windows 7 , 64 bit Build 7601 (6.1.7601.24150)

CPU:total 4 (initial active 4) (2 cores per cpu, 2 threads per core) family 6 model 61 stepping 4, cmov, cx8, fxsr, mmx, sse, sse2, sse3, ssse3, sse4.1, sse4.2, popcnt, clmul, erms, 3dnowpref, lzcnt, ht, tsc, tscinvbit

Memory: 4k page, physical 4112176k(52392k free), swap 16446828k(5032k free)

vm_info: OpenJDK 64-Bit Server VM (25.152-b01) for windows-amd64 JRE (1.8.0_152-release-915-b01), built by "builder" with MS VC++ 10.0 (VS2010)

time: Mon Jun 25 01:01:25 2018
elapsed time: 35 seconds (0d 0h 0m 35s)

